"../../../LDJam40/Content/Damage.uasset" 0
"../../../LDJam40/Content/DamageEquation.uasset" 1
"../../../LDJam40/Content/Character/FPMesh/AllMeshes/FPMesh/ieee/FPS_Bear_Skeleton1.uasset" 2
"../../../LDJam40/Content/Character/FPMesh/AllMeshes/FPMesh/ieee/FPS_Bear_Anim_Armature_Shoot.uasset" 3
"../../../LDJam40/Content/Character/FPMesh/AllMeshes/FPMesh/ieee/FPS_Bear_Anim_Armature_Idle.uasset" 4
"../../../LDJam40/Content/Character/FPMesh/AllMeshes/FPMesh/ieee/FPS_Bear_Anim_Armature_Run.uasset" 5
"../../../LDJam40/Content/Character/FPMesh/AllMeshes/FPMesh/ieee/FPS_Bear_Anim_Armature_Walk.uasset" 6
"../../../LDJam40/Content/Character/FPMesh/AllMeshes/FPMesh/ieee/FPSBlendSpace.uasset" 7
"../../../Engine/Content/EditorBlueprintResources/StandardMacros.uasset" 8
"../../../LDJam40/Content/Sound/peeew.uasset" 9
"../../../LDJam40/Content/Sound/Gun_Shot_Cue.uasset" 10
"../../../LDJam40/Content/Character/FPMesh/AllMeshes/FPMesh/ieee/FPSAnimBP.uasset" 11
"../../../LDJam40/Content/Character/FPMesh/AllMeshes/padington/MC_BearWithGun_Skeleton1.uasset" 12
"../../../LDJam40/Content/Character/FPMesh/AllMeshes/padington/MC_BearWithGun_Anim_Armature_Idle.uasset" 13
"../../../LDJam40/Content/Character/FPMesh/AllMeshes/padington/MC_BearWithGun_Anim_Armature_Run.uasset" 14
"../../../LDJam40/Content/Character/FPMesh/AllMeshes/padington/MC_BearWithGun_Anim_Armature_Walk.uasset" 15
"../../../LDJam40/Content/Character/FPMesh/AllMeshes/padington/TeddyBlendSpace.uasset" 16
"../../../LDJam40/Content/Character/FPMesh/AllMeshes/padington/TeedyAnimBP.uasset" 17
"../../../LDJam40/Content/Character/FPMesh/AllMeshes/padington/MC_BearWithGun_Anim_Armature_Death.uasset" 18
"../../../LDJam40/Content/AI/AIEnumThings.uasset" 19
"../../../LDJam40/Content/AI/TargetPointArray.uasset" 20
"../../../LDJam40/Content/AI/Backup/FPSAI1.uasset" 21
"../../../LDJam40/Content/AI/AmmoHealth.uasset" 22
"../../../LDJam40/Content/Character/AllMeshes/Pepe/pepe/iris_gun.uasset" 23
"../../../LDJam40/Content/Character/AllMeshes/Pepe/pepe/skin.uasset" 24
"../../../LDJam40/Content/Character/FPMesh/AllMeshes/Material_003.uasset" 25
"../../../LDJam40/Content/Character/FPMesh/AllMeshes/padington/Material.uasset" 26
"../../../LDJam40/Content/Character/FPMesh/AllMeshes/padington/Material_001.uasset" 27
"../../../LDJam40/Content/Character/FPMesh/AllMeshes/padington/Material_002.uasset" 28
"../../../LDJam40/Content/Character/FPMesh/AllMeshes/padington/Material_003.uasset" 29
"../../../LDJam40/Content/Character/FPMesh/AllMeshes/padington/Material_004.uasset" 30
"../../../LDJam40/Content/Character/FPMesh/AllMeshes/padington/Material_005.uasset" 31
"../../../LDJam40/Content/Character/FPMesh/AllMeshes/padington/Material_006.uasset" 32
"../../../LDJam40/Content/Character/FPMesh/AllMeshes/padington/Material_007.uasset" 33
"../../../LDJam40/Content/Character/MEsh/Ducky/jef/Material_001.uasset" 34
"../../../LDJam40/Content/Character/MEsh/Ducky/jef/Material_002.uasset" 35
"../../../LDJam40/Content/Character/MEsh/JeffRabbit/jef/Material_003.uasset" 36
"../../../LDJam40/Content/Character/TeddyMesh/New/Pepe/pepe/BLueshirt.uasset" 37
"../../../LDJam40/Content/Character/AllMeshes/Pepe/pepe/pepe.uasset" 38
"../../../LDJam40/Content/Character/FPMesh/AllMeshes/padington/MC_BearWithGun.uasset" 39
"../../../LDJam40/Content/Character/MEsh/Ducky/jef/duck.uasset" 40
"../../../LDJam40/Content/Character/MEsh/JeffRabbit/jef/rabbit2.uasset" 41
"../../../LDJam40/Content/Sound/GunATT.uasset" 42
"../../../LDJam40/Content/Sound/Squack.uasset" 43
"../../../LDJam40/Content/Sound/Squeak_1.uasset" 44
"../../../LDJam40/Content/Sound/Squeak_2.uasset" 45
"../../../LDJam40/Content/Sound/Squeak_3.uasset" 46
"../../../LDJam40/Content/Sound/Squeak_4.uasset" 47
"../../../LDJam40/Content/Sound/Squeak.uasset" 48
"../../../LDJam40/Content/UI/KillFeedEntry.uasset" 49
"../../../LDJam40/Content/UI/KillFeed.uasset" 50
"../../../LDJam40/Content/AI/AiCharacter.uasset" 51
"../../../LDJam40/Content/UI/DamageColour.uasset" 52
"../../../LDJam40/Content/UI/HitMarker.uasset" 53
"../../../LDJam40/Content/UI/HitMarkerActor.uasset" 54
"../../../LDJam40/Content/Character/FPMesh/AllMeshes/FPMesh/ieee/FPS_Bear.uasset" 55
"../../../LDJam40/Content/Character/Widget/Circle-PNG-Image.uasset" 56
"../../../LDJam40/Content/Character/Widget/White.uasset" 57
"../../../LDJam40/Content/Character/Widget/FPSWidget.uasset" 58
"../../../LDJam40/Content/Character/Widget/PauseWidget.uasset" 59
"../../../LDJam40/Content/Character/Widget/SaveScore.uasset" 60
"../../../LDJam40/Content/Character/Widget/TimesUp.uasset" 61
"../../../LDJam40/Content/Character/Widget/TutorialWidget.uasset" 62
"../../../LDJam40/Content/FirstPersonBP/Blueprints/FPSCharacter/FirstPersonCharacter.uasset" 63
"../../../LDJam40/Content/Character/FPSGamemode.uasset" 64
"../../../LDJam40/Content/Character/pew.uasset" 65
"../../../LDJam40/Content/Character/pew_Cue.uasset" 66
"../../../LDJam40/Content/Character/AllMeshes/FPMesh/ieee/FPSAnimBP.uasset" 67
"../../../LDJam40/Content/Character/AllMeshes/Pepe/pepe/cloth.uasset" 68
"../../../LDJam40/Content/Character/AllMeshes/Pepe/pepe/idk.uasset" 69
"../../../LDJam40/Content/Character/AllMeshes/Pepe/pepe/Material_004.uasset" 70
"../../../LDJam40/Content/Character/AllMeshes/Pepe/pepe/Material_005.uasset" 71
"../../../LDJam40/Content/Character/AllMeshes/Pepe/pepe/Material_006.uasset" 72
"../../../LDJam40/Content/Character/AllMeshes/Pepe/pepe/Material_007.uasset" 73
"../../../LDJam40/Content/Character/AllMeshes/Pepe/pepe/Material_008.uasset" 74
"../../../LDJam40/Content/Character/AllMeshes/Pepe/pepe/pepe_PhysicsAsset.uasset" 75
"../../../LDJam40/Content/Character/AllMeshes/Pepe/pepe/pepe_Skeleton.uasset" 76
"../../../LDJam40/Content/Character/FPMesh/AllMeshes/Material.uasset" 77
"../../../LDJam40/Content/Character/FPMesh/AllMeshes/Material_001.uasset" 78
"../../../LDJam40/Content/Character/FPMesh/AllMeshes/Material_002.uasset" 79
"../../../LDJam40/Content/Character/FPMesh/AllMeshes/Material_004.uasset" 80
"../../../LDJam40/Content/Character/FPMesh/AllMeshes/MC_Bear.uasset" 81
"../../../LDJam40/Content/Character/FPMesh/AllMeshes/skidiki.uasset" 82
"../../../LDJam40/Content/Character/FPMesh/AllMeshes/skidiki_Cue.uasset" 83
"../../../LDJam40/Content/Character/FPMesh/AllMeshes/FPMesh/ieee/FPS_Bear_Skeleton.uasset" 84
"../../../LDJam40/Content/Character/FPMesh/AllMeshes/padington/MC_BearWithGun_Anim_Armature_Shoot.uasset" 85
"../../../LDJam40/Content/Character/FPMesh/AllMeshes/padington/MC_BearWithGun_PhysicsAsset.uasset" 86
"../../../LDJam40/Content/Character/MEsh/Ducky/jef/duck_PhysicsAsset.uasset" 87
"../../../LDJam40/Content/Character/MEsh/Ducky/jef/Material.uasset" 88
"../../../LDJam40/Content/Character/MEsh/Ducky/jef/Material_003.uasset" 89
"../../../LDJam40/Content/Character/MEsh/Ducky/jef/Material_004.uasset" 90
"../../../LDJam40/Content/Character/MEsh/Ducky/jef/Material_005.uasset" 91
"../../../LDJam40/Content/Character/MEsh/Ducky/jef/Material_006.uasset" 92
"../../../LDJam40/Content/Character/MEsh/Ducky/jef/Material_007.uasset" 93
"../../../LDJam40/Content/Character/MEsh/Ducky/jef/Material_008.uasset" 94
"../../../LDJam40/Content/Character/MEsh/JeffRabbit/jef/Material.uasset" 95
"../../../LDJam40/Content/Character/MEsh/JeffRabbit/jef/Material_001.uasset" 96
"../../../LDJam40/Content/Character/MEsh/JeffRabbit/jef/Material_002.uasset" 97
"../../../LDJam40/Content/Character/MEsh/JeffRabbit/jef/Material_004.uasset" 98
"../../../LDJam40/Content/Character/MEsh/JeffRabbit/jef/Material_005.uasset" 99
"../../../LDJam40/Content/Character/MEsh/JeffRabbit/jef/Material_006.uasset" 100
"../../../LDJam40/Content/Character/MEsh/JeffRabbit/jef/Material_007.uasset" 101
"../../../LDJam40/Content/Character/MEsh/JeffRabbit/jef/Material_008.uasset" 102
"../../../LDJam40/Content/Character/MEsh/JeffRabbit/jef/rabbit2_PhysicsAsset.uasset" 103
"../../../LDJam40/Content/Character/TeddyMesh/New/Pepe/pepe/cloth.uasset" 104
"../../../LDJam40/Content/Character/TeddyMesh/New/Pepe/pepe/idk.uasset" 105
"../../../LDJam40/Content/Character/TeddyMesh/New/Pepe/pepe/iris_gun.uasset" 106
"../../../LDJam40/Content/Character/TeddyMesh/New/Pepe/pepe/Material_004.uasset" 107
"../../../LDJam40/Content/Character/TeddyMesh/New/Pepe/pepe/Material_005.uasset" 108
"../../../LDJam40/Content/Character/TeddyMesh/New/Pepe/pepe/Material_006.uasset" 109
"../../../LDJam40/Content/Character/TeddyMesh/New/Pepe/pepe/Material_007.uasset" 110
"../../../LDJam40/Content/Character/TeddyMesh/New/Pepe/pepe/Material_008.uasset" 111
"../../../LDJam40/Content/Character/TeddyMesh/New/Pepe/pepe/pepe.uasset" 112
"../../../LDJam40/Content/Character/TeddyMesh/New/Pepe/pepe/pepe_PhysicsAsset.uasset" 113
"../../../LDJam40/Content/Character/TeddyMesh/New/Pepe/pepe/skin.uasset" 114
"../../../LDJam40/Content/Character/Widget/white-circle-md.uasset" 115
"../../../LDJam40/Content/Environment/M_Nest.uasset" 116
"../../../LDJam40/Content/Environment/NestMat.uasset" 117
"../../../LDJam40/Content/Environment/PlzWork/Material_002.uasset" 118
"../../../LDJam40/Content/Environment/PlzWork/Material_003.uasset" 119
"../../../LDJam40/Content/Environment/Nest.uasset" 120
"../../../LDJam40/Content/Environment/BP_Nest.uasset" 121
"../../../LDJam40/Content/Environment/PlzWork/Vine.uasset" 122
"../../../LDJam40/Content/Environment/PlzWork/Vine2.uasset" 123
"../../../LDJam40/Content/FirstPerson/Character/Mesh/SK_Mannequin_Arms_Skeleton.uasset" 124
"../../../LDJam40/Content/FirstPerson/Animations/FirstPerson_Fire.uasset" 125
"../../../LDJam40/Content/FirstPerson/Animations/FirstPersonFire_Montage.uasset" 126
"../../../LDJam40/Content/FirstPerson/Animations/FirstPerson_Idle.uasset" 127
"../../../LDJam40/Content/FirstPerson/Animations/FirstPerson_JumpEnd.uasset" 128
"../../../LDJam40/Content/FirstPerson/Animations/FirstPerson_JumpLoop.uasset" 129
"../../../LDJam40/Content/FirstPerson/Animations/FirstPerson_JumpStart.uasset" 130
"../../../LDJam40/Content/FirstPerson/Animations/FirstPerson_Run.uasset" 131
"../../../LDJam40/Content/FirstPerson/Animations/FirstPerson_AnimBP.uasset" 132
"../../../LDJam40/Content/FirstPerson/Audio/FirstPersonTemplateWeaponFire02.uasset" 133
"../../../LDJam40/Content/FirstPerson/Textures/FirstPersonCrosshair.uasset" 134
"../../../LDJam40/Content/FirstPersonBP/Blueprints/FirstPersonHUD.uasset" 135
"../../../LDJam40/Content/FirstPersonBP/Blueprints/FirstPersonGameMode.uasset" 136
"../../../LDJam40/Content/FirstPerson/Meshes/BaseMaterial.uasset" 137
"../../../LDJam40/Content/FirstPerson/Meshes/FirstPersonProjectileMaterial.uasset" 138
"../../../LDJam40/Content/FirstPerson/Meshes/FirstPersonProjectileMesh.uasset" 139
"../../../LDJam40/Content/FirstPersonBP/Blueprints/FirstPersonProjectile.uasset" 140
"../../../LDJam40/Content/Mannequin/Character/Mesh/UE4_Mannequin_Skeleton.uasset" 141
"../../../LDJam40/Content/Mannequin/Animations/ThirdPerson_Jump.uasset" 142
"../../../LDJam40/Content/Mannequin/Animations/ThirdPersonJump_Loop.uasset" 143
"../../../LDJam40/Content/Mannequin/Animations/ThirdPersonJump_Start.uasset" 144
"../../../LDJam40/Content/Mannequin/Animations/ThirdPersonIdle.uasset" 145
"../../../LDJam40/Content/Mannequin/Animations/ThirdPersonRun.uasset" 146
"../../../LDJam40/Content/Mannequin/Animations/ThirdPersonWalk.uasset" 147
"../../../LDJam40/Content/Mannequin/Animations/ThirdPerson_IdleRun_2D.uasset" 148
"../../../LDJam40/Content/Mannequin/Animations/ThirdPerson_AnimBP.uasset" 149
"../../../LDJam40/Content/Materials/Material_001.uasset" 150
"../../../LDJam40/Content/Powerups/Health.uasset" 151
"../../../Engine/Content/Functions/Engine_MaterialFunctions01/Opacity/CameraDepthFade.uasset" 152
"../../../Engine/Content/EngineMaterials/T_Default_Material_Grid_M.uasset" 153
"../../../Engine/Content/EngineMaterials/T_Default_Material_Grid_N.uasset" 154
"../../../Engine/Content/EngineMaterials/DefaultMaterial.uasset" 155
"../../../Engine/Content/BasicShapes/Sphere.uasset" 156
"../../../LDJam40/Content/Powerups/PU_Shield.uasset" 157
"../../../LDJam40/Content/Sound/Gun_Shot.uasset" 158
"../../../LDJam40/Content/StarterContent/HDRI/HDRI_Epic_Courtyard_Daylight.uasset" 159
"../../../LDJam40/Content/StarterContent/Textures/T_Dust_Particle_D.uasset" 160
"../../../LDJam40/Content/StarterContent/Particles/Materials/M_Dust_Particle.uasset" 161
"../../../LDJam40/Content/StarterContent/Particles/P_Ambient_Dust.uasset" 162
"../../../LDJam40/Content/StarterContent/Particles/Materials/M_Burst.uasset" 163
"../../../LDJam40/Content/StarterContent/Textures/T_Explosion_SubUV.uasset" 164
"../../../LDJam40/Content/StarterContent/Particles/Materials/M_explosion_subUV.uasset" 165
"../../../LDJam40/Content/StarterContent/Particles/Materials/m_flare_01.uasset" 166
"../../../Engine/Content/Functions/Engine_MaterialFunctions01/Gradient/RadialGradient.uasset" 167
"../../../LDJam40/Content/StarterContent/Particles/Materials/M_radial_ramp.uasset" 168
"../../../LDJam40/Content/StarterContent/Textures/T_Smoke_SubUV.uasset" 169
"../../../LDJam40/Content/StarterContent/Textures/T_Smoke_Tiled_D.uasset" 170
"../../../LDJam40/Content/StarterContent/Particles/Materials/M_smoke_subUV.uasset" 171
"../../../LDJam40/Content/StarterContent/Particles/P_Explosion.uasset" 172
"../../../LDJam40/Content/StarterContent/Particles/P_Smoke.uasset" 173
"../../../LDJam40/Content/StarterContent/Particles/Materials/M_Radial_Gradient.uasset" 174
"../../../LDJam40/Content/StarterContent/Textures/T_Spark_Core.uasset" 175
"../../../LDJam40/Content/StarterContent/Particles/Materials/M_Spark.uasset" 176
"../../../LDJam40/Content/StarterContent/Particles/P_Sparks.uasset" 177
"../../../LDJam40/Content/StarterContent/Particles/P_Steam_Lit.uasset" 178
"../../../LDJam40/Content/StarterContent/Props/SM_Chair.uasset" 179
"../../../LDJam40/Content/StarterContent/Props/SM_CornerFrame.uasset" 180
"../../../LDJam40/Content/StarterContent/Props/SM_Couch.uasset" 181
"../../../LDJam40/Content/StarterContent/Props/SM_DoorFrame.uasset" 182
"../../../LDJam40/Content/StarterContent/Props/SM_Lamp_Ceiling.uasset" 183
"../../../LDJam40/Content/StarterContent/Props/SM_PillarFrame300.uasset" 184
"../../../LDJam40/Content/StarterContent/Props/SM_Rock.uasset" 185
"../../../LDJam40/Content/StarterContent/Props/SM_Shelf.uasset" 186
"../../../LDJam40/Content/StarterContent/Props/SM_WindowFrame.uasset" 187
"../../../LDJam40/Content/StarterContent/Shapes/Shape_Cone.uasset" 188
"../../../LDJam40/Content/StarterContent/Shapes/Shape_Cube.uasset" 189
"../../../LDJam40/Content/StarterContent/Shapes/Shape_Cylinder.uasset" 190
"../../../LDJam40/Content/StarterContent/Shapes/Shape_NarrowCapsule.uasset" 191
"../../../LDJam40/Content/StarterContent/Shapes/Shape_Pipe.uasset" 192
"../../../LDJam40/Content/StarterContent/Shapes/Shape_Pipe_180.uasset" 193
"../../../LDJam40/Content/StarterContent/Shapes/Shape_Pipe_90.uasset" 194
"../../../LDJam40/Content/StarterContent/Shapes/Shape_Plane.uasset" 195
"../../../LDJam40/Content/StarterContent/Shapes/Shape_QuadPyramid.uasset" 196
"../../../LDJam40/Content/StarterContent/Shapes/Shape_Sphere.uasset" 197
"../../../LDJam40/Content/StarterContent/Shapes/Shape_Torus.uasset" 198
"../../../LDJam40/Content/StarterContent/Shapes/Shape_Trim.uasset" 199
"../../../LDJam40/Content/StarterContent/Shapes/Shape_Trim_90_In.uasset" 200
"../../../LDJam40/Content/StarterContent/Shapes/Shape_Trim_90_Out.uasset" 201
"../../../LDJam40/Content/StarterContent/Shapes/Shape_TriPyramid.uasset" 202
"../../../LDJam40/Content/StarterContent/Shapes/Shape_Tube.uasset" 203
"../../../LDJam40/Content/StarterContent/Shapes/Shape_Wedge_A.uasset" 204
"../../../LDJam40/Content/StarterContent/Shapes/Shape_Wedge_B.uasset" 205
"../../../LDJam40/Content/StarterContent/Shapes/Shape_WideCapsule.uasset" 206
"../../../LDJam40/Content/UI/HELR45W.uasset" 207
"../../../LDJam40/Content/UI/HELR45W_Font.uasset" 208
"../../../Engine/Content/BasicShapes/Cone.uasset" 209
"../../../Engine/Content/EngineMaterials/WorldGridMaterial.uasset" 210
"../../../Engine/Content/BasicShapes/Cube.uasset" 211
"../../../Engine/Content/BasicShapes/Cylinder.uasset" 212
"../../../Engine/Content/BasicShapes/Plane.uasset" 213
"../../../Engine/Content/EditorLandscapeResources/DataLayer.uasset" 214
"../../../Engine/Content/EditorMaterials/GizmoMaterial.uasset" 215
"../../../Engine/Content/EditorMaterials/MAT_Groups_Toggle.uasset" 216
"../../../Engine/Content/EditorMaterials/MAT_Groups_Visibility.uasset" 217
"../../../Engine/Content/EditorMaterials/PreviewShadowIndicator.uasset" 218
"../../../Engine/Content/EditorMaterials/PreviewShadowIndicatorMaterial.uasset" 219
"../../../Engine/Content/EditorMaterials/MatineeGroups/MAT_ColorTrack.uasset" 220
"../../../Engine/Content/EditorMaterials/MatineeGroups/MAT_Groups_Anim.uasset" 221
"../../../Engine/Content/EditorMaterials/MatineeGroups/MAT_Groups_AudioMaster.uasset" 222
"../../../Engine/Content/EditorMaterials/MatineeGroups/MAT_Groups_Director.uasset" 223
"../../../Engine/Content/EditorMaterials/MatineeGroups/MAT_Groups_Event.uasset" 224
"../../../Engine/Content/EditorMaterials/MatineeGroups/MAT_Groups_Fade.uasset" 225
"../../../Engine/Content/EditorMaterials/MatineeGroups/MAT_Groups_Float.uasset" 226
"../../../Engine/Content/EditorMaterials/MatineeGroups/MAT_Groups_Move.uasset" 227
"../../../Engine/Content/EditorMaterials/MatineeGroups/MAT_Groups_Slomo.uasset" 228
"../../../Engine/Content/EditorMaterials/MatineeGroups/MAT_Groups_Sound.uasset" 229
"../../../Engine/Content/EditorMaterials/MatineeGroups/MAT_Groups_Vector.uasset" 230
"../../../Engine/Content/EditorMaterials/ParticleSystems/PSysThumbnail_NoImage.uasset" 231
"../../../Engine/Content/EditorMaterials/ParticleSystems/PSysThumbnail_OOD.uasset" 232
"../../../Engine/Content/EditorMaterials/Camera/CineMat.uasset" 233
"../../../Engine/Content/EditorMaterials/Camera/MI_CineMat_Rig.uasset" 234
"../../../Engine/Content/EditorMeshes/Camera/SM_CraneRig_Arm.uasset" 235
"../../../Engine/Content/EditorMeshes/Camera/SM_CraneRig_Base.uasset" 236
"../../../Engine/Content/EditorMeshes/Camera/SM_CraneRig_Body.uasset" 237
"../../../Engine/Content/EditorMeshes/Camera/SM_CraneRig_Mount.uasset" 238
"../../../Engine/Content/EditorMeshes/Camera/SM_RailRig_Mount.uasset" 239
"../../../Engine/Content/EditorMeshes/Camera/SM_RailRig_Track.uasset" 240
"../../../Engine/Content/EditorMeshes/ColorCalibrator/M_ChromeBall.uasset" 241
"../../../Engine/Content/EditorMeshes/ColorCalibrator/M_ClearCoat.uasset" 242
"../../../Engine/Content/EditorMeshes/ColorCalibrator/M_ClearCoatBlack.uasset" 243
"../../../Engine/Content/EditorMeshes/ColorCalibrator/Color_checker.uasset" 244
"../../../Engine/Content/EditorMeshes/ColorCalibrator/M_ColorGrid.uasset" 245
"../../../Engine/Content/EditorMeshes/ColorCalibrator/M_GreyBall.uasset" 246
"../../../Engine/Content/EditorMeshes/ColorCalibrator/SM_ColorCalibrator.uasset" 247
"../../../Engine/Content/EditorResources/BSPVertex.uasset" 248
"../../../Engine/Content/EditorResources/EmptyActor.uasset" 249
"../../../Engine/Content/EditorResources/S_Actor.uasset" 250
"../../../Engine/Content/EditorResources/S_Trigger.uasset" 251
"../../../Engine/Content/EditorResources/SequenceRecorder/Countdown.uasset" 252
"../../../Engine/Content/EditorResources/SequenceRecorder/RecordingIndicator.uasset" 253
"../../../Engine/Content/EditorSounds/Notifications/CompileFailed.uasset" 254
"../../../Engine/Content/EditorSounds/Notifications/CompileFailed_Cue.uasset" 255
"../../../Engine/Content/EditorSounds/Notifications/CompileSuccess.uasset" 256
"../../../Engine/Content/EditorSounds/Notifications/CompileStart_Cue.uasset" 257
"../../../Engine/Content/EditorSounds/Notifications/CompileSuccess_Cue.uasset" 258
"../../../Engine/Content/EngineDamageTypes/DmgTypeBP_Environmental.uasset" 259
"../../../Engine/Content/EngineDebugMaterials/HeatmapGradient.uasset" 260
"../../../Engine/Content/EngineDebugMaterials/BoneWeightMaterial.uasset" 261
"../../../Engine/Content/EngineDebugMaterials/ClothMaterial.uasset" 262
"../../../Engine/Content/EngineDebugMaterials/ClothMaterial_WF.uasset" 263
"../../../Engine/Content/EngineDebugMaterials/DebugEditorMaterial.uasset" 264
"../../../Engine/Content/EngineDebugMaterials/DebugMeshMaterial.uasset" 265
"../../../Engine/Content/EngineDebugMaterials/GeomMaterial.uasset" 266
"../../../Engine/Content/EngineFonts/Faces/RobotoBold.uasset" 267
"../../../Engine/Content/EngineFonts/Faces/RobotoBoldItalic.uasset" 268
"../../../Engine/Content/EngineFonts/Faces/RobotoItalic.uasset" 269
"../../../Engine/Content/EngineFonts/Faces/RobotoLight.uasset" 270
"../../../Engine/Content/EngineFonts/Faces/RobotoRegular.uasset" 271
"../../../Engine/Content/EngineFonts/Roboto.uasset" 272
"../../../Engine/Content/EngineFonts/Faces/RobotoTiny.uasset" 273
"../../../Engine/Content/EngineFonts/RobotoTiny.uasset" 274
"../../../Engine/Content/EngineMaterials/DefaultBloomKernel.uasset" 275
"../../../Engine/Content/EngineMaterials/DefaultBokeh.uasset" 276
"../../../Engine/Content/EngineMaterials/DefaultDiffuse.uasset" 277
"../../../Engine/Content/EngineMaterials/DefaultDeferredDecalMaterial.uasset" 278
"../../../Engine/Content/EngineMaterials/DefaultLightFunctionMaterial.uasset" 279
"../../../Engine/Content/EngineMaterials/DefaultPhysicalMaterial.uasset" 280
"../../../Engine/Content/Functions/Engine_MaterialFunctions02/Utility/BreakOutFloat2Components.uasset" 281
"../../../Engine/Content/EngineMaterials/DefaultPostProcessMaterial.uasset" 282
"../../../Engine/Content/EngineFonts/RobotoDistanceField.uasset" 283
"../../../Engine/Content/EngineMaterials/DefaultTextMaterialOpaque.uasset" 284
"../../../Engine/Content/EngineMaterials/DefaultWhiteGrid.uasset" 285
"../../../Engine/Content/EngineMaterials/EditorBrushMaterial.uasset" 286
"../../../Engine/Content/EngineMaterials/Good64x64TilingNoiseHighFreq.uasset" 287
"../../../Engine/Content/EngineMaterials/MiniFont.uasset" 288
"../../../Engine/Content/EngineMaterials/InvalidLightmapSettings.uasset" 289
"../../../Engine/Content/EngineMaterials/M_InvalidLightmapSettings.uasset" 290
"../../../Engine/Content/Functions/Engine_MaterialFunctions02/WorldPositionOffset/CameraOffset.uasset" 291
"../../../Engine/Content/EngineMaterials/PhAT_JointLimitMaterial.uasset" 292
"../../../Engine/Content/EngineMaterials/PreintegratedSkinBRDF.uasset" 293
"../../../Engine/Content/EngineMaterials/RemoveSurfaceMaterial.uasset" 294
"../../../Engine/Content/EngineMaterials/WeightMapPlaceholderTexture.uasset" 295
"../../../Engine/Content/EngineResources/WhiteSquareTexture.uasset" 296
"../../../Engine/Content/EngineMaterials/Widget3DPassThrough.uasset" 297
"../../../Engine/Content/EngineMaterials/Widget3DPassThrough_Masked.uasset" 298
"../../../Engine/Content/EngineMaterials/Widget3DPassThrough_Opaque.uasset" 299
"../../../Engine/Content/EngineMaterials/Widget3DPassThrough_Masked_OneSided.uasset" 300
"../../../Engine/Content/EngineMaterials/Widget3DPassThrough_Opaque_OneSided.uasset" 301
"../../../Engine/Content/EngineMaterials/Widget3DPassThrough_Translucent.uasset" 302
"../../../Engine/Content/EngineMaterials/Widget3DPassThrough_Translucent_OneSided.uasset" 303
"../../../Engine/Content/EngineMeshes/Cube.uasset" 304
"../../../Engine/Content/EngineMeshes/Cylinder.uasset" 305
"../../../Engine/Content/EngineMeshes/Sphere.uasset" 306
"../../../Engine/Content/EngineResources/Black.uasset" 307
"../../../Engine/Content/EngineResources/DefaultTexture.uasset" 308
"../../../Engine/Content/EngineResources/DefaultTextureCube.uasset" 309
"../../../Engine/Content/EngineResources/GradientTexture0.uasset" 310
"../../../Engine/Content/EngineSounds/Master.uasset" 311
"../../../Engine/Content/Functions/Engine_MaterialFunctions01/Shading/ConvertFromDiffSpec.uasset" 312
"../../../Engine/Content/Functions/Engine_MaterialFunctions01/Shading/PowerToRoughness.uasset" 313
"../../../Engine/Content/Maps/Templates/Thumbnails/Default.uasset" 314
"../../../Engine/Content/Maps/Templates/Thumbnails/VR-Basic.uasset" 315
"../../../Engine/Content/MobileResources/T_MobileControls_texture.uasset" 316
"../../../Engine/Content/MobileResources/T_MobileMenu2.uasset" 317
"../../../Engine/Content/MobileResources/HUD/AnalogHat.uasset" 318
"../../../Engine/Content/MobileResources/HUD/VirtualJoystick_Background.uasset" 319
"../../../Engine/Content/MobileResources/HUD/VirtualJoystick_Thumb.uasset" 320
"../../../Engine/Content/MobileResources/HUD/DefaultVirtualJoysticks.uasset" 321
"../../../Engine/Content/MobileResources/HUD/LeftVirtualJoystickOnly.uasset" 322
"../../../Engine/Content/MobileResources/HUD/MobileHUDButton1_off.uasset" 323
"../../../Engine/Content/MobileResources/HUD/MobileHUDButton1_on.uasset" 324
"../../../Engine/Content/MobileResources/HUD/MobileHUDButton2_off.uasset" 325
"../../../Engine/Content/MobileResources/HUD/MobileHUDButton2_on.uasset" 326
"../../../Engine/Content/MobileResources/HUD/MobileHUDButton3.uasset" 327
"../../../Engine/Content/MobileResources/HUD/MobileHUDButtonFire.uasset" 328
"../../../Engine/Content/MobileResources/HUD/MobileHUDDirectionPad.uasset" 329
"../../../Engine/Content/MobileResources/HUD/MobileHUDDirectionPad2.uasset" 330
"../../../Engine/Content/MobileResources/HUD/MobileHUDDirectionPad3.uasset" 331
"../../../Engine/Content/MobileResources/HUD/MobileHUDDirectionStick.uasset" 332
"../../../Engine/Content/MobileResources/HUD/T_Castle_ThumbstickInner.uasset" 333
"../../../Engine/Content/MobileResources/HUD/T_Castle_ThumbstickOutter.uasset" 334
"../../../Engine/Content/Tutorial/ContentIntroCurve.uasset" 335
"../../../Engine/Content/Tutorial/Basics/TutorialAssets/icon_tab_Levels_40x.uasset" 336
"../../../Engine/Content/Tutorial/BlueprintTutorials/TutorialAssets/BlueprintInterface_64x.uasset" 337
"../../../Engine/Content/Tutorial/BlueprintTutorials/TutorialAssets/BlueprintMacroLibrary_64x.uasset" 338
"../../../Engine/Content/Tutorial/BlueprintTutorials/TutorialAssets/Blueprint_64x.uasset" 339
"../../../Engine/Content/Tutorial/BlueprintTutorials/TutorialAssets/Tutorial_BP_Interface.uasset" 340
"../../../Engine/Content/Tutorial/Foliage/TutorialAssets/Foliage.uasset" 341
"../../../Engine/Content/Tutorial/Landscape/TutorialAssets/Landscape.uasset" 342
"../../../Engine/Content/Tutorial/Paper2D/TutorialAssets/Paper2DFlipbook_TutorialIcon.uasset" 343
"../../../Engine/Content/Tutorial/Paper2D/TutorialAssets/Paper2DSprite_TutorialIcon.uasset" 344
"../../../Engine/Content/Tutorial/SubEditors/TutorialAssets/icon_Editor_Preferences_General_40x.uasset" 345
"../../../Engine/Content/Tutorial/SubEditors/TutorialAssets/icon_ShowSkeletalMeshes_40x.uasset" 346
"../../../Engine/Content/Tutorial/SubEditors/TutorialAssets/TutorialMaterial.uasset" 347
"../../../Engine/Content/Tutorial/SubEditors/TutorialAssets/T_SmokeSubUV_8X8.uasset" 348
"../../../Engine/Content/Tutorial/SubEditors/TutorialAssets/T_soft_smoke.uasset" 349
"../../../Engine/Content/Tutorial/SubEditors/TutorialAssets/M_smoke_subUV_blackbody.uasset" 350
"../../../Engine/Content/Tutorial/SubEditors/TutorialAssets/TutorialParticleSystem.uasset" 351
"../../../Engine/Content/VREditor/Devices/Generic/GenericHMDMaterial.uasset" 352
"../../../Engine/Content/VREditor/Devices/Generic/GenericHMD.uasset" 353
"../../../Engine/Content/VREditor/FloatingText/LineMaterial.uasset" 354
"../../../Engine/Content/VREditor/FloatingText/JointSphere.uasset" 355
"../../../Engine/Content/VREditor/FloatingText/LineSegmentCylinder.uasset" 356
"../../../Engine/Content/VREditor/Fonts/VRText_RobotoLarge.uasset" 357
"../../../Engine/Content/VREditor/Fonts/VRTextMaterial.uasset" 358
"../../../Engine/Content/VREditor/Fonts/TranslucentVRTextMaterial.uasset" 359
"../../../Engine/Content/VREditor/LaserPointer/CursorPointer.uasset" 360
"../../../Engine/Content/VREditor/LaserPointer/VR_LaserPower_01.uasset" 361
"../../../Engine/Content/VREditor/TransformGizmo/TransformGizmoMaterial.uasset" 362
"../../../Engine/Content/VREditor/LaserPointer/HoverMaterial.uasset" 363
"../../../Engine/Content/VREditor/TransformGizmo/TranslucentTransformGizmoMaterial.uasset" 364
"../../../Engine/Content/VREditor/LaserPointer/TranslucentHoverMaterial.uasset" 365
"../../../Engine/Content/VREditor/LaserPointer/HoverMesh.uasset" 366
"../../../Engine/Content/VREditor/LaserPointer/LaserPointerMaterial.uasset" 367
"../../../Engine/Content/VREditor/LaserPointer/LaserPointerMaterialInst.uasset" 368
"../../../Engine/Content/VREditor/LaserPointer/TranslucentLaserPointerMaterialInst.uasset" 369
"../../../Engine/Content/VREditor/LaserPointer/LaserPointerMesh.uasset" 370
"../../../Engine/Content/VREditor/LaserPointer/LaserPointerMesh_End.uasset" 371
"../../../Engine/Content/VREditor/LaserPointer/LaserPointerMesh_Start.uasset" 372
"../../../Engine/Content/Functions/Engine_MaterialFunctions02/Utility/BreakOutFloat3Components.uasset" 373
"../../../Engine/Content/Functions/Engine_MaterialFunctions02/Math/Transform3x3Matrix.uasset" 374
"../../../Engine/Content/Functions/Engine_MaterialFunctions02/SplitComponents.uasset" 375
"../../../Engine/Content/Functions/Engine_MaterialFunctions02/Utility/MakeFloat3.uasset" 376
"../../../Engine/Content/VREditor/SnapGrid/SnapGridMaterial.uasset" 377
"../../../Engine/Content/VREditor/SnapGrid/SnapGridPlaneMesh.uasset" 378
"../../../Engine/Content/VREditor/Sounds/VR_teleport.uasset" 379
"../../../Engine/Content/VREditor/Sounds/UI/Click_on_Button_Cue.uasset" 380
"../../../Engine/Content/VREditor/Sounds/UI/Dockable_Window_Close.uasset" 381
"../../../Engine/Content/VREditor/Sounds/UI/Dockable_Window_Drop.uasset" 382
"../../../Engine/Content/VREditor/Sounds/UI/Dockable_Window_Open.uasset" 383
"../../../Engine/Content/VREditor/Sounds/UI/Dockable_Window_Pick_Up.uasset" 384
"../../../Engine/Content/VREditor/Sounds/UI/Drop_Item_From_ContentBrowser.uasset" 385
"../../../Engine/Content/VREditor/Sounds/UI/Floating_UI_Open-001.uasset" 386
"../../../Engine/Content/VREditor/Sounds/UI/Gizmo_Handle_Clicked.uasset" 387
"../../../Engine/Content/VREditor/Sounds/UI/Object_PickUp.uasset" 388
"../../../Engine/Content/VREditor/Sounds/UI/Object_Snaps_To_Another_Actor.uasset" 389
"../../../Engine/Content/VREditor/Sounds/UI/Object_Snaps_To_Grid.uasset" 390
"../../../Engine/Content/VREditor/Sounds/UI/Radial_Menu_FadeOut.uasset" 391
"../../../Engine/Content/VREditor/Sounds/UI/Scaling_Down.uasset" 392
"../../../Engine/Content/VREditor/Sounds/UI/Scaling_Up.uasset" 393
"../../../Engine/Content/VREditor/Sounds/UI/Selection_Changes.uasset" 394
"../../../Engine/Content/VREditor/Sounds/UI/Teleport_Mode_Entered.uasset" 395
"../../../Engine/Content/VREditor/Teleport/TeleportDirectionMaterial.uasset" 396
"../../../Engine/Content/VREditor/Teleport/TeleportDirectionMaterial_Inst.uasset" 397
"../../../Engine/Content/VREditor/Teleport/TeleportDirectionMesh.uasset" 398
"../../../Engine/Content/VREditor/TransformGizmo/BoundingBoxCorner.uasset" 399
"../../../Engine/Content/VREditor/TransformGizmo/BoundingBoxEdge.uasset" 400
"../../../Engine/Content/VREditor/TransformGizmo/PlaneTranslationHandle.uasset" 401
"../../../Engine/Content/VREditor/TransformGizmo/RotationHandleFull.uasset" 402
"../../../Engine/Content/VREditor/TransformGizmo/RotationHandleIndicator.uasset" 403
"../../../Engine/Content/VREditor/TransformGizmo/RotationHandleQuarter.uasset" 404
"../../../Engine/Content/VREditor/TransformGizmo/Main.uasset" 405
"../../../Engine/Content/VREditor/TransformGizmo/Xray.uasset" 406
"../../../Engine/Content/VREditor/TransformGizmo/SM_Dialog_Close.uasset" 407
"../../../Engine/Content/VREditor/TransformGizmo/SM_Dialog_Move.uasset" 408
"../../../Engine/Content/VREditor/TransformGizmo/SM_Sequencer_Key.uasset" 409
"../../../Engine/Content/VREditor/TransformGizmo/SM_Sequencer_Node.uasset" 410
"../../../Engine/Content/VREditor/TransformGizmo/StartRotationHandleIndicator.uasset" 411
"../../../Engine/Content/VREditor/TransformGizmo/TranslucentTransformGizmoMaterial_Inst.uasset" 412
"../../../Engine/Content/VREditor/TransformGizmo/TransformGizmoFreeRotation.uasset" 413
"../../../Engine/Content/VREditor/TransformGizmo/TransformGizmoMaterial_Inst.uasset" 414
"../../../Engine/Content/VREditor/TransformGizmo/TranslateArrowHandle.uasset" 415
"../../../Engine/Content/VREditor/TransformGizmo/UniformScaleHandle.uasset" 416
"../../../Engine/Content/VREditor/UI/KeyDiskMaterial.uasset" 417
"../../../Engine/Content/VREditor/UI/DiscMaterial.uasset" 418
"../../../Engine/Content/VREditor/UI/SM_Radial_Disk.uasset" 419
"../../../Engine/Content/VREditor/WorldMovementGrid/SimpleGrid.uasset" 420
"../../../Engine/Content/VREditor/WorldMovementGrid/GridMaterial.uasset" 421
"../../../Engine/Content/Functions/Engine_MaterialFunctions01/Density/ExponentialDensity.uasset" 422
"../../../Engine/Content/VREditor/WorldMovementGrid/GridPostProcess.uasset" 423
"../../../Engine/Content/EditorLandscapeResources/FlattenHeightMat.uasset" 424
"../../../Engine/Content/VREditor/WorldMovementGrid/PlaneMesh.uasset" 425
"../../../Engine/Plugins/2D/Paper2D/Content/PlaceholderTextures/DummySpriteTexture.uasset" 426
"../../../Engine/Plugins/2D/Paper2D/Content/DummySprite.uasset" 427
"../../../Engine/Plugins/2D/Paper2D/Content/DefaultPaperTerrainMaterial.uasset" 428
"../../../Engine/Plugins/2D/Paper2D/Content/DefaultSpriteMaterial.uasset" 429
"../../../Engine/Plugins/2D/Paper2D/Content/MaskedUnlitSpriteMaterial.uasset" 430
"../../../Engine/Plugins/2D/Paper2D/Content/OpaqueUnlitSpriteMaterial.uasset" 431
"../../../Engine/Plugins/Media/MediaCompositing/Content/DefaultMediaPlaneMaterial.uasset" 432
"../../../Engine/Content/Functions/Engine_MaterialFunctions01/Texturing/ScaleUVsByCenter.uasset" 433
"../../../Engine/Content/Functions/Engine_MaterialFunctions02/Utility/MakeFloat4.uasset" 434
"../../../Engine/Plugins/Runtime/AppleARKit/Content/ARKitCameraMaterial.uasset" 435
"../../../Engine/Plugins/Runtime/Oculus/OculusVR/Content/Textures/GearVRController_AO.uasset" 436
"../../../Engine/Plugins/Runtime/Oculus/OculusVR/Content/Textures/GearVRController_Color.uasset" 437
"../../../Engine/Plugins/Runtime/Oculus/OculusVR/Content/Textures/GearVRController_Normal.uasset" 438
"../../../Engine/Plugins/Runtime/Oculus/OculusVR/Content/Materials/GearVRControllerMaterial.uasset" 439
"../../../Engine/Plugins/Runtime/Oculus/OculusVR/Content/Meshes/GearVrController.uasset" 440
"../../../Engine/Content/EngineSky/C_Sky_Cloud_Color.uasset" 441
"../../../Engine/Content/EngineSky/C_Sky_Horizon_Color.uasset" 442
"../../../Engine/Content/EngineSky/C_Sky_Zenith_Color.uasset" 443
"../../../Engine/Content/EngineSky/T_Sky_Blue.uasset" 444
"../../../Engine/Content/EngineSky/T_Sky_Clouds_M.uasset" 445
"../../../Engine/Content/EngineSky/T_Sky_Stars.uasset" 446
"../../../Engine/Content/EngineSky/M_Sky_Panning_Clouds2.uasset" 447
"../../../Engine/Content/EngineSky/SM_SkySphere.uasset" 448
"../../../Engine/Content/EngineSky/BP_Sky_Sphere.uasset" 449
"../../../LDJam40/Content/Materials/Green.uasset" 450
"../../../LDJam40/Content/Environment/PlzWork/Bush1.uasset" 451
"../../../LDJam40/Content/Blueprints/Bush1.uasset" 452
"../../../LDJam40/Content/Environment/PlzWork/DoodlyBois.uasset" 453
"../../../LDJam40/Content/Blueprints/DoodlyBois.uasset" 454
"../../../LDJam40/Content/Powerups/PU_Health.uasset" 455
"../../../LDJam40/Content/StarterContent/Textures/T_Fire_SubUV.uasset" 456
"../../../LDJam40/Content/StarterContent/Textures/T_Fire_Tiled_D.uasset" 457
"../../../LDJam40/Content/StarterContent/Particles/Materials/M_Fire_SubUV.uasset" 458
"../../../LDJam40/Content/StarterContent/Textures/T_Water_N.uasset" 459
"../../../LDJam40/Content/StarterContent/Particles/Materials/M_Heat_Distortion.uasset" 460
"../../../LDJam40/Content/StarterContent/Particles/P_Fire.uasset" 461
"../../../LDJam40/Content/Temple/Torch1.uasset" 462
"../../../LDJam40/Content/Temple/Torch.uasset" 463
"../../../LDJam40/Content/Temple/BP_Torch.uasset" 464
"../../../LDJam40/Content/ShooterMaps/LD_Map_1_BuiltData.uasset" 465
"../../../LDJam40/Content/Temple/Dirt.uasset" 466
"../../../Engine/Content/Functions/Engine_MaterialFunctions02/Texturing/CustomRotator.uasset" 467
"../../../LDJam40/Content/Temple/Hex_Brick.uasset" 468
"../../../LDJam40/Content/Temple/Hex_Brick_Mat.uasset" 469
"../../../LDJam40/Content/Temple/Stone_Brick.uasset" 470
"../../../LDJam40/Content/Temple/Stone_Brick_Mat.uasset" 471
"../../../LDJam40/Content/Environment/PlzWork/Grass.uasset" 472
"../../../LDJam40/Content/Materials/Brown.uasset" 473
"../../../LDJam40/Content/Environment/PlzWork/JungleTree3blend__1_.uasset" 474
"../../../LDJam40/Content/Environment/PlzWork/JungleTree__1_.uasset" 475
"../../../LDJam40/Content/ShooterMaps/LD_Map_1.umap" 476
"../../../Engine/Content/Maps/Entry.umap" 477
