"../../../LDJam40/Content/Character/FPMesh/AllMeshes/FPMesh/ieee/FPS_Bear_Skeleton1.uasset" 0
"../../../LDJam40/Content/Character/FPMesh/AllMeshes/FPMesh/ieee/FPS_Bear_Anim_Armature_Shoot.uasset" 1
"../../../LDJam40/Content/Character/FPMesh/AllMeshes/FPMesh/ieee/FPS_Bear_Anim_Armature_Idle.uasset" 2
"../../../LDJam40/Content/Character/FPMesh/AllMeshes/FPMesh/ieee/FPS_Bear_Anim_Armature_Run.uasset" 3
"../../../LDJam40/Content/Character/FPMesh/AllMeshes/FPMesh/ieee/FPS_Bear_Anim_Armature_Walk.uasset" 4
"../../../LDJam40/Content/Character/FPMesh/AllMeshes/FPMesh/ieee/FPSBlendSpace.uasset" 5
"../../../Engine/Content/EditorBlueprintResources/StandardMacros.uasset" 6
"../../../LDJam40/Content/Sound/peeew.uasset" 7
"../../../LDJam40/Content/Sound/Gun_Shot_Cue.uasset" 8
"../../../LDJam40/Content/Character/FPMesh/AllMeshes/FPMesh/ieee/FPSAnimBP.uasset" 9
"../../../LDJam40/Content/Character/FPMesh/AllMeshes/padington/MC_BearWithGun_Skeleton1.uasset" 10
"../../../LDJam40/Content/Character/FPMesh/AllMeshes/padington/MC_BearWithGun_Anim_Armature_Idle.uasset" 11
"../../../LDJam40/Content/Character/FPMesh/AllMeshes/padington/MC_BearWithGun_Anim_Armature_Run.uasset" 12
"../../../LDJam40/Content/Character/FPMesh/AllMeshes/padington/MC_BearWithGun_Anim_Armature_Walk.uasset" 13
"../../../LDJam40/Content/Character/FPMesh/AllMeshes/padington/TeddyBlendSpace.uasset" 14
"../../../LDJam40/Content/Character/FPMesh/AllMeshes/padington/TeedyAnimBP.uasset" 15
"../../../LDJam40/Content/Character/FPMesh/AllMeshes/padington/MC_BearWithGun_Anim_Armature_Death.uasset" 16
"../../../LDJam40/Content/AI/AIEnumThings.uasset" 17
"../../../LDJam40/Content/AI/TargetPointArray.uasset" 18
"../../../LDJam40/Content/AI/Backup/FPSAI1.uasset" 19
"../../../LDJam40/Content/Damage.uasset" 20
"../../../LDJam40/Content/AI/AmmoHealth.uasset" 21
"../../../LDJam40/Content/Character/AllMeshes/Pepe/pepe/iris_gun.uasset" 22
"../../../LDJam40/Content/Character/AllMeshes/Pepe/pepe/skin.uasset" 23
"../../../LDJam40/Content/Character/FPMesh/AllMeshes/Material_003.uasset" 24
"../../../LDJam40/Content/Character/FPMesh/AllMeshes/padington/Material.uasset" 25
"../../../LDJam40/Content/Character/FPMesh/AllMeshes/padington/Material_001.uasset" 26
"../../../LDJam40/Content/Character/FPMesh/AllMeshes/padington/Material_002.uasset" 27
"../../../LDJam40/Content/Character/FPMesh/AllMeshes/padington/Material_003.uasset" 28
"../../../LDJam40/Content/Character/FPMesh/AllMeshes/padington/Material_004.uasset" 29
"../../../LDJam40/Content/Character/FPMesh/AllMeshes/padington/Material_005.uasset" 30
"../../../LDJam40/Content/Character/FPMesh/AllMeshes/padington/Material_006.uasset" 31
"../../../LDJam40/Content/Character/FPMesh/AllMeshes/padington/Material_007.uasset" 32
"../../../LDJam40/Content/Character/MEsh/Ducky/jef/Material_001.uasset" 33
"../../../LDJam40/Content/Character/MEsh/Ducky/jef/Material_002.uasset" 34
"../../../LDJam40/Content/Character/MEsh/JeffRabbit/jef/Material_003.uasset" 35
"../../../LDJam40/Content/Character/TeddyMesh/New/Pepe/pepe/BLueshirt.uasset" 36
"../../../LDJam40/Content/Character/AllMeshes/Pepe/pepe/pepe.uasset" 37
"../../../LDJam40/Content/Character/FPMesh/AllMeshes/padington/MC_BearWithGun.uasset" 38
"../../../LDJam40/Content/Character/MEsh/Ducky/jef/duck.uasset" 39
"../../../LDJam40/Content/Character/MEsh/JeffRabbit/jef/rabbit2.uasset" 40
"../../../LDJam40/Content/Sound/GunATT.uasset" 41
"../../../LDJam40/Content/Sound/Squack.uasset" 42
"../../../LDJam40/Content/Sound/Squeak_1.uasset" 43
"../../../LDJam40/Content/Sound/Squeak_2.uasset" 44
"../../../LDJam40/Content/Sound/Squeak_3.uasset" 45
"../../../LDJam40/Content/Sound/Squeak_4.uasset" 46
"../../../LDJam40/Content/Sound/Squeak.uasset" 47
"../../../LDJam40/Content/UI/KillFeedEntry.uasset" 48
"../../../LDJam40/Content/UI/KillFeed.uasset" 49
"../../../LDJam40/Content/AI/AiCharacter.uasset" 50
"../../../LDJam40/Content/UI/DamageColour.uasset" 51
"../../../LDJam40/Content/UI/HitMarker.uasset" 52
"../../../LDJam40/Content/UI/HitMarkerActor.uasset" 53
"../../../LDJam40/Content/Character/FPMesh/AllMeshes/FPMesh/ieee/FPS_Bear.uasset" 54
"../../../LDJam40/Content/Character/Widget/Circle-PNG-Image.uasset" 55
"../../../LDJam40/Content/Character/Widget/White.uasset" 56
"../../../LDJam40/Content/Character/Widget/FPSWidget.uasset" 57
"../../../LDJam40/Content/Character/Widget/PauseWidget.uasset" 58
"../../../LDJam40/Content/Character/Widget/SaveScore.uasset" 59
"../../../LDJam40/Content/Character/Widget/TimesUp.uasset" 60
"../../../LDJam40/Content/Character/Widget/TutorialWidget.uasset" 61
"../../../LDJam40/Content/FirstPersonBP/Blueprints/FPSCharacter/FirstPersonCharacter.uasset" 62
"../../../LDJam40/Content/Character/FPSGamemode.uasset" 63
"../../../LDJam40/Content/Character/pew.uasset" 64
"../../../LDJam40/Content/Character/pew_Cue.uasset" 65
"../../../LDJam40/Content/Character/AllMeshes/FPMesh/ieee/FPSAnimBP.uasset" 66
"../../../LDJam40/Content/Character/AllMeshes/Pepe/pepe/cloth.uasset" 67
"../../../LDJam40/Content/Character/AllMeshes/Pepe/pepe/idk.uasset" 68
"../../../LDJam40/Content/Character/AllMeshes/Pepe/pepe/Material_004.uasset" 69
"../../../LDJam40/Content/Character/AllMeshes/Pepe/pepe/Material_005.uasset" 70
"../../../LDJam40/Content/Character/AllMeshes/Pepe/pepe/Material_006.uasset" 71
"../../../LDJam40/Content/Character/AllMeshes/Pepe/pepe/Material_007.uasset" 72
"../../../LDJam40/Content/Character/AllMeshes/Pepe/pepe/Material_008.uasset" 73
"../../../LDJam40/Content/Character/AllMeshes/Pepe/pepe/pepe_PhysicsAsset.uasset" 74
"../../../LDJam40/Content/Character/AllMeshes/Pepe/pepe/pepe_Skeleton.uasset" 75
"../../../LDJam40/Content/Character/FPMesh/AllMeshes/Material.uasset" 76
"../../../LDJam40/Content/Character/FPMesh/AllMeshes/Material_001.uasset" 77
"../../../LDJam40/Content/Character/FPMesh/AllMeshes/Material_002.uasset" 78
"../../../LDJam40/Content/Character/FPMesh/AllMeshes/Material_004.uasset" 79
"../../../LDJam40/Content/Character/FPMesh/AllMeshes/MC_Bear.uasset" 80
"../../../LDJam40/Content/Character/FPMesh/AllMeshes/skidiki.uasset" 81
"../../../LDJam40/Content/Character/FPMesh/AllMeshes/skidiki_Cue.uasset" 82
"../../../LDJam40/Content/Character/FPMesh/AllMeshes/FPMesh/ieee/FPS_Bear_Skeleton.uasset" 83
"../../../LDJam40/Content/Character/FPMesh/AllMeshes/padington/MC_BearWithGun_Anim_Armature_Shoot.uasset" 84
"../../../LDJam40/Content/Character/FPMesh/AllMeshes/padington/MC_BearWithGun_PhysicsAsset.uasset" 85
"../../../LDJam40/Content/Character/MEsh/Ducky/jef/duck_PhysicsAsset.uasset" 86
"../../../LDJam40/Content/Character/MEsh/Ducky/jef/Material.uasset" 87
"../../../LDJam40/Content/Character/MEsh/Ducky/jef/Material_003.uasset" 88
"../../../LDJam40/Content/Character/MEsh/Ducky/jef/Material_004.uasset" 89
"../../../LDJam40/Content/Character/MEsh/Ducky/jef/Material_005.uasset" 90
"../../../LDJam40/Content/Character/MEsh/Ducky/jef/Material_006.uasset" 91
"../../../LDJam40/Content/Character/MEsh/Ducky/jef/Material_007.uasset" 92
"../../../LDJam40/Content/Character/MEsh/Ducky/jef/Material_008.uasset" 93
"../../../LDJam40/Content/Character/MEsh/JeffRabbit/jef/Material.uasset" 94
"../../../LDJam40/Content/Character/MEsh/JeffRabbit/jef/Material_001.uasset" 95
"../../../LDJam40/Content/Character/MEsh/JeffRabbit/jef/Material_002.uasset" 96
"../../../LDJam40/Content/Character/MEsh/JeffRabbit/jef/Material_004.uasset" 97
"../../../LDJam40/Content/Character/MEsh/JeffRabbit/jef/Material_005.uasset" 98
"../../../LDJam40/Content/Character/MEsh/JeffRabbit/jef/Material_006.uasset" 99
"../../../LDJam40/Content/Character/MEsh/JeffRabbit/jef/Material_007.uasset" 100
"../../../LDJam40/Content/Character/MEsh/JeffRabbit/jef/Material_008.uasset" 101
"../../../LDJam40/Content/Character/MEsh/JeffRabbit/jef/rabbit2_PhysicsAsset.uasset" 102
"../../../LDJam40/Content/Character/TeddyMesh/New/Pepe/pepe/cloth.uasset" 103
"../../../LDJam40/Content/Character/TeddyMesh/New/Pepe/pepe/idk.uasset" 104
"../../../LDJam40/Content/Character/TeddyMesh/New/Pepe/pepe/iris_gun.uasset" 105
"../../../LDJam40/Content/Character/TeddyMesh/New/Pepe/pepe/Material_004.uasset" 106
"../../../LDJam40/Content/Character/TeddyMesh/New/Pepe/pepe/Material_005.uasset" 107
"../../../LDJam40/Content/Character/TeddyMesh/New/Pepe/pepe/Material_006.uasset" 108
"../../../LDJam40/Content/Character/TeddyMesh/New/Pepe/pepe/Material_007.uasset" 109
"../../../LDJam40/Content/Character/TeddyMesh/New/Pepe/pepe/Material_008.uasset" 110
"../../../LDJam40/Content/Character/TeddyMesh/New/Pepe/pepe/pepe.uasset" 111
"../../../LDJam40/Content/Character/TeddyMesh/New/Pepe/pepe/pepe_PhysicsAsset.uasset" 112
"../../../LDJam40/Content/Character/TeddyMesh/New/Pepe/pepe/skin.uasset" 113
"../../../LDJam40/Content/Character/Widget/white-circle-md.uasset" 114
"../../../LDJam40/Content/Environment/Material_001.uasset" 115
"../../../LDJam40/Content/Environment/Material_004.uasset" 116
"../../../LDJam40/Content/Environment/Material_005.uasset" 117
"../../../LDJam40/Content/Environment/Material_006.uasset" 118
"../../../LDJam40/Content/Environment/NestMat.uasset" 119
"../../../LDJam40/Content/Environment/PlzWork/Material_002.uasset" 120
"../../../LDJam40/Content/Environment/PlzWork/Material_003.uasset" 121
"../../../LDJam40/Content/Environment/WEED.uasset" 122
"../../../LDJam40/Content/Environment/WEED_001.uasset" 123
"../../../LDJam40/Content/Environment/WEED_002.uasset" 124
"../../../LDJam40/Content/Environment/WEED_003.uasset" 125
"../../../LDJam40/Content/Environment/WEED_004.uasset" 126
"../../../LDJam40/Content/Environment/WEED_005.uasset" 127
"../../../LDJam40/Content/Environment/WoodMat.uasset" 128
"../../../LDJam40/Content/Environment/WoodMat_001.uasset" 129
"../../../LDJam40/Content/Environment/WoodMat_002.uasset" 130
"../../../LDJam40/Content/Environment/WoodMat_003.uasset" 131
"../../../LDJam40/Content/Environment/WoodMat_004.uasset" 132
"../../../LDJam40/Content/Environment/WoodMat_005.uasset" 133
"../../../LDJam40/Content/Environment/Nest.uasset" 134
"../../../LDJam40/Content/Environment/BP_Nest.uasset" 135
"../../../LDJam40/Content/Environment/Material.uasset" 136
"../../../LDJam40/Content/Environment/PlzWork/Material_001.uasset" 137
"../../../LDJam40/Content/Environment/PlzWork/Vine.uasset" 138
"../../../LDJam40/Content/Environment/PlzWork/Vine2.uasset" 139
"../../../LDJam40/Content/FirstPerson/Character/Mesh/SK_Mannequin_Arms_Skeleton.uasset" 140
"../../../LDJam40/Content/FirstPerson/Animations/FirstPerson_Fire.uasset" 141
"../../../LDJam40/Content/FirstPerson/Animations/FirstPersonFire_Montage.uasset" 142
"../../../LDJam40/Content/FirstPerson/Animations/FirstPerson_Idle.uasset" 143
"../../../LDJam40/Content/FirstPerson/Animations/FirstPerson_JumpEnd.uasset" 144
"../../../LDJam40/Content/FirstPerson/Animations/FirstPerson_JumpLoop.uasset" 145
"../../../LDJam40/Content/FirstPerson/Animations/FirstPerson_JumpStart.uasset" 146
"../../../LDJam40/Content/FirstPerson/Animations/FirstPerson_Run.uasset" 147
"../../../LDJam40/Content/FirstPerson/Animations/FirstPerson_AnimBP.uasset" 148
"../../../LDJam40/Content/FirstPerson/Audio/FirstPersonTemplateWeaponFire02.uasset" 149
"../../../LDJam40/Content/FirstPerson/Textures/FirstPersonCrosshair.uasset" 150
"../../../LDJam40/Content/FirstPersonBP/Blueprints/FirstPersonHUD.uasset" 151
"../../../LDJam40/Content/FirstPersonBP/Blueprints/FirstPersonGameMode.uasset" 152
"../../../LDJam40/Content/FirstPerson/Meshes/BaseMaterial.uasset" 153
"../../../LDJam40/Content/FirstPerson/Meshes/FirstPersonProjectileMaterial.uasset" 154
"../../../LDJam40/Content/FirstPerson/Meshes/FirstPersonProjectileMesh.uasset" 155
"../../../LDJam40/Content/FirstPersonBP/Blueprints/FirstPersonProjectile.uasset" 156
"../../../LDJam40/Content/Powerups/Health.uasset" 157
"../../../Engine/Content/Functions/Engine_MaterialFunctions01/Opacity/CameraDepthFade.uasset" 158
"../../../Engine/Content/EngineMaterials/T_Default_Material_Grid_M.uasset" 159
"../../../Engine/Content/EngineMaterials/T_Default_Material_Grid_N.uasset" 160
"../../../Engine/Content/EngineMaterials/DefaultMaterial.uasset" 161
"../../../Engine/Content/BasicShapes/Sphere.uasset" 162
"../../../LDJam40/Content/Powerups/PU_Shield.uasset" 163
"../../../LDJam40/Content/Sound/Gun_Shot.uasset" 164
"../../../LDJam40/Content/StarterContent/Materials/M_Basic_Wall.uasset" 165
"../../../LDJam40/Content/StarterContent/Architecture/Pillar_50x500.uasset" 166
"../../../LDJam40/Content/StarterContent/Architecture/Wall_400x300.uasset" 167
"../../../LDJam40/Content/StarterContent/Architecture/Wall_400x400.uasset" 168
"../../../LDJam40/Content/StarterContent/Architecture/Wall_500x500.uasset" 169
"../../../LDJam40/Content/StarterContent/Architecture/Wall_Door_400x400.uasset" 170
"../../../LDJam40/Content/StarterContent/Architecture/Wall_Window_400x400.uasset" 171
"../../../LDJam40/Content/StarterContent/Audio/Light01_Cue.uasset" 172
"../../../LDJam40/Content/StarterContent/Audio/Light02_Cue.uasset" 173
"../../../LDJam40/Content/StarterContent/Audio/Explosion_Cue.uasset" 174
"../../../LDJam40/Content/StarterContent/Textures/T_Burst_M.uasset" 175
"../../../LDJam40/Content/StarterContent/Particles/Materials/M_Burst.uasset" 176
"../../../LDJam40/Content/StarterContent/Textures/T_Explosion_SubUV.uasset" 177
"../../../LDJam40/Content/StarterContent/Particles/Materials/M_explosion_subUV.uasset" 178
"../../../LDJam40/Content/StarterContent/Particles/Materials/m_flare_01.uasset" 179
"../../../Engine/Content/Functions/Engine_MaterialFunctions01/Gradient/RadialGradient.uasset" 180
"../../../LDJam40/Content/StarterContent/Particles/Materials/M_radial_ramp.uasset" 181
"../../../LDJam40/Content/StarterContent/Textures/T_Smoke_SubUV.uasset" 182
"../../../LDJam40/Content/StarterContent/Textures/T_Smoke_Tiled_D.uasset" 183
"../../../LDJam40/Content/StarterContent/Particles/Materials/M_smoke_subUV.uasset" 184
"../../../LDJam40/Content/StarterContent/Particles/P_Explosion.uasset" 185
"../../../LDJam40/Content/StarterContent/Blueprints/Blueprint_Effect_Explosion.uasset" 186
"../../../Engine/Content/EditorMeshes/ColorCalibrator/T_ColorGrid.uasset" 187
"../../../LDJam40/Content/StarterContent/Materials/M_ColorGrid_LowSpec.uasset" 188
"../../../LDJam40/Content/StarterContent/Textures/T_Bush_D.uasset" 189
"../../../LDJam40/Content/StarterContent/Textures/T_Bush_N.uasset" 190
"../../../LDJam40/Content/StarterContent/Props/Materials/M_Bush.uasset" 191
"../../../LDJam40/Content/StarterContent/Props/SM_Bush.uasset" 192
"../../../LDJam40/Content/StarterContent/Textures/T_Chair_M.uasset" 193
"../../../LDJam40/Content/StarterContent/Textures/T_Chair_N.uasset" 194
"../../../LDJam40/Content/StarterContent/Props/Materials/M_Chair.uasset" 195
"../../../LDJam40/Content/StarterContent/Props/SM_Couch.uasset" 196
"../../../LDJam40/Content/StarterContent/Materials/M_Glass.uasset" 197
"../../../LDJam40/Content/StarterContent/Textures/T_Door_M.uasset" 198
"../../../LDJam40/Content/StarterContent/Textures/T_Door_N.uasset" 199
"../../../LDJam40/Content/StarterContent/Props/Materials/M_Door.uasset" 200
"../../../LDJam40/Content/StarterContent/Props/SM_Door.uasset" 201
"../../../LDJam40/Content/StarterContent/Props/Materials/M_MaterialSphere.uasset" 202
"../../../LDJam40/Content/StarterContent/Props/Materials/M_MaterialSphere_Plain.uasset" 203
"../../../LDJam40/Content/StarterContent/Props/SM_MatPreviewMesh_02.uasset" 204
"../../../Engine/Content/Functions/Engine_MaterialFunctions02/Utility/BlendAngleCorrectedNormals.uasset" 205
"../../../LDJam40/Content/StarterContent/Textures/T_Detail_Rocky_N.uasset" 206
"../../../LDJam40/Content/StarterContent/Textures/T_Rock_Basalt_D.uasset" 207
"../../../LDJam40/Content/StarterContent/Textures/T_RockMesh_M.uasset" 208
"../../../LDJam40/Content/StarterContent/Textures/T_RockMesh_N.uasset" 209
"../../../LDJam40/Content/StarterContent/Props/Materials/M_Rock.uasset" 210
"../../../LDJam40/Content/StarterContent/Props/SM_Rock.uasset" 211
"../../../LDJam40/Content/StarterContent/Textures/T_Shelf_M.uasset" 212
"../../../LDJam40/Content/StarterContent/Textures/T_Shelf_N.uasset" 213
"../../../LDJam40/Content/StarterContent/Props/Materials/M_Shelf.uasset" 214
"../../../LDJam40/Content/StarterContent/Props/SM_Shelf.uasset" 215
"../../../LDJam40/Content/StarterContent/Materials/M_Basic_Floor.uasset" 216
"../../../LDJam40/Content/StarterContent/Props/SM_Stairs.uasset" 217
"../../../LDJam40/Content/StarterContent/Shapes/Shape_Cone.uasset" 218
"../../../LDJam40/Content/StarterContent/Shapes/Shape_Cylinder.uasset" 219
"../../../LDJam40/Content/StarterContent/Shapes/Shape_NarrowCapsule.uasset" 220
"../../../LDJam40/Content/StarterContent/Shapes/Shape_Pipe.uasset" 221
"../../../LDJam40/Content/StarterContent/Shapes/Shape_Pipe_180.uasset" 222
"../../../LDJam40/Content/StarterContent/Shapes/Shape_Pipe_90.uasset" 223
"../../../LDJam40/Content/StarterContent/Shapes/Shape_Plane.uasset" 224
"../../../LDJam40/Content/StarterContent/Shapes/Shape_Torus.uasset" 225
"../../../LDJam40/Content/StarterContent/Shapes/Shape_Trim.uasset" 226
"../../../LDJam40/Content/StarterContent/Shapes/Shape_Trim_90_In.uasset" 227
"../../../LDJam40/Content/StarterContent/Shapes/Shape_Trim_90_Out.uasset" 228
"../../../LDJam40/Content/StarterContent/Shapes/Shape_TriPyramid.uasset" 229
"../../../LDJam40/Content/StarterContent/Shapes/Shape_Tube.uasset" 230
"../../../LDJam40/Content/StarterContent/Shapes/Shape_Wedge_A.uasset" 231
"../../../LDJam40/Content/StarterContent/Shapes/Shape_Wedge_B.uasset" 232
"../../../LDJam40/Content/StarterContent/Shapes/Shape_WideCapsule.uasset" 233
"../../../LDJam40/Content/Mannequin/Character/Mesh/UE4_Mannequin_Skeleton.uasset" 234
"../../../LDJam40/Content/Mannequin/Animations/ThirdPerson_Jump.uasset" 235
"../../../LDJam40/Content/Mannequin/Animations/ThirdPersonJump_Loop.uasset" 236
"../../../LDJam40/Content/Mannequin/Animations/ThirdPersonJump_Start.uasset" 237
"../../../LDJam40/Content/Mannequin/Animations/ThirdPersonIdle.uasset" 238
"../../../LDJam40/Content/Mannequin/Animations/ThirdPersonRun.uasset" 239
"../../../LDJam40/Content/Mannequin/Animations/ThirdPersonWalk.uasset" 240
"../../../LDJam40/Content/Mannequin/Animations/ThirdPerson_IdleRun_2D.uasset" 241
"../../../LDJam40/Content/Mannequin/Animations/ThirdPerson_AnimBP.uasset" 242
"../../../Engine/Content/Functions/MaterialLayerFunctions/MatLayerBlend_NormalBlend.uasset" 243
"../../../Engine/Content/Functions/MaterialLayerFunctions/MatLayerBlend_Simple.uasset" 244
"../../../LDJam40/Content/Mannequin/Character/Materials/MaterialLayers/T_ML_Rubber_Blue_01_D.uasset" 245
"../../../LDJam40/Content/Mannequin/Character/Materials/MaterialLayers/T_ML_Rubber_Blue_01_N.uasset" 246
"../../../LDJam40/Content/Mannequin/Character/Materials/MaterialLayers/ML_GlossyBlack_Latex_UE4.uasset" 247
"../../../LDJam40/Content/Mannequin/Character/Materials/MaterialLayers/ML_Plastic_Shiny_Beige.uasset" 248
"../../../LDJam40/Content/Mannequin/Character/Textures/UE4_LOGO_CARD.uasset" 249
"../../../LDJam40/Content/Mannequin/Character/Materials/MaterialLayers/ML_Plastic_Shiny_Beige_LOGO.uasset" 250
"../../../LDJam40/Content/Mannequin/Character/Materials/MaterialLayers/T_ML_Aluminum01.uasset" 251
"../../../LDJam40/Content/Mannequin/Character/Materials/MaterialLayers/T_ML_Aluminum01_N.uasset" 252
"../../../LDJam40/Content/Mannequin/Character/Materials/MaterialLayers/ML_SoftMetal_UE4.uasset" 253
"../../../LDJam40/Content/Mannequin/Character/Textures/UE4_Mannequin__normals.uasset" 254
"../../../LDJam40/Content/Mannequin/Character/Textures/UE4_Mannequin_MAT_MASKA.uasset" 255
"../../../LDJam40/Content/Mannequin/Character/Materials/M_UE4Man_Body.uasset" 256
"../../../LDJam40/Content/Mannequin/Character/Textures/UE4Man_Logo_N.uasset" 257
"../../../LDJam40/Content/Mannequin/Character/Materials/M_UE4Man_ChestLogo.uasset" 258
"../../../LDJam40/Content/Mannequin/Character/Mesh/SK_Mannequin_PhysicsAsset.uasset" 259
"../../../LDJam40/Content/Mannequin/Character/Mesh/SK_Mannequin.uasset" 260
"../../../LDJam40/Content/ThirdPersonBP/Blueprints/ThirdPersonCharacter.uasset" 261
"../../../LDJam40/Content/ThirdPersonBP/Blueprints/ThirdPersonGameMode.uasset" 262
"../../../LDJam40/Content/UI/HELR45W.uasset" 263
"../../../LDJam40/Content/UI/HELR45W_Font.uasset" 264
"../../../Engine/Content/BasicShapes/Cone.uasset" 265
"../../../Engine/Content/BasicShapes/Cylinder.uasset" 266
"../../../Engine/Content/EngineMaterials/WorldGridMaterial.uasset" 267
"../../../Engine/Content/BasicShapes/Plane.uasset" 268
"../../../Engine/Content/EditorLandscapeResources/DataLayer.uasset" 269
"../../../Engine/Content/EditorMaterials/GizmoMaterial.uasset" 270
"../../../Engine/Content/EditorMaterials/MAT_Groups_Toggle.uasset" 271
"../../../Engine/Content/EditorMaterials/MAT_Groups_Visibility.uasset" 272
"../../../Engine/Content/EditorMaterials/PreviewShadowIndicator.uasset" 273
"../../../Engine/Content/EditorMaterials/PreviewShadowIndicatorMaterial.uasset" 274
"../../../Engine/Content/EditorMaterials/MatineeGroups/MAT_ColorTrack.uasset" 275
"../../../Engine/Content/EditorMaterials/MatineeGroups/MAT_Groups_Anim.uasset" 276
"../../../Engine/Content/EditorMaterials/MatineeGroups/MAT_Groups_AudioMaster.uasset" 277
"../../../Engine/Content/EditorMaterials/MatineeGroups/MAT_Groups_Director.uasset" 278
"../../../Engine/Content/EditorMaterials/MatineeGroups/MAT_Groups_Event.uasset" 279
"../../../Engine/Content/EditorMaterials/MatineeGroups/MAT_Groups_Fade.uasset" 280
"../../../Engine/Content/EditorMaterials/MatineeGroups/MAT_Groups_Float.uasset" 281
"../../../Engine/Content/EditorMaterials/MatineeGroups/MAT_Groups_Move.uasset" 282
"../../../Engine/Content/EditorMaterials/MatineeGroups/MAT_Groups_Slomo.uasset" 283
"../../../Engine/Content/EditorMaterials/MatineeGroups/MAT_Groups_Sound.uasset" 284
"../../../Engine/Content/EditorMaterials/MatineeGroups/MAT_Groups_Vector.uasset" 285
"../../../Engine/Content/EditorMaterials/ParticleSystems/PSysThumbnail_NoImage.uasset" 286
"../../../Engine/Content/EditorMaterials/ParticleSystems/PSysThumbnail_OOD.uasset" 287
"../../../Engine/Content/EditorMaterials/Camera/CineMat.uasset" 288
"../../../Engine/Content/EditorMaterials/Camera/MI_CineMat_Rig.uasset" 289
"../../../Engine/Content/EditorMeshes/Camera/SM_CraneRig_Arm.uasset" 290
"../../../Engine/Content/EditorMeshes/Camera/SM_CraneRig_Base.uasset" 291
"../../../Engine/Content/EditorMeshes/Camera/SM_CraneRig_Body.uasset" 292
"../../../Engine/Content/EditorMeshes/Camera/SM_CraneRig_Mount.uasset" 293
"../../../Engine/Content/EditorMeshes/Camera/SM_RailRig_Mount.uasset" 294
"../../../Engine/Content/EditorMeshes/Camera/SM_RailRig_Track.uasset" 295
"../../../Engine/Content/EditorResources/BSPVertex.uasset" 296
"../../../Engine/Content/EditorResources/EmptyActor.uasset" 297
"../../../Engine/Content/EditorResources/S_Actor.uasset" 298
"../../../Engine/Content/EditorResources/S_Trigger.uasset" 299
"../../../Engine/Content/EditorResources/AudioIcons/S_AudioComponent.uasset" 300
"../../../Engine/Content/EditorResources/AudioIcons/S_AudioComponent_AutoActivate.uasset" 301
"../../../Engine/Content/EditorResources/LightIcons/S_LightError.uasset" 302
"../../../Engine/Content/EditorResources/SequenceRecorder/Countdown.uasset" 303
"../../../Engine/Content/EditorResources/SequenceRecorder/RecordingIndicator.uasset" 304
"../../../Engine/Content/EditorSounds/Notifications/CompileFailed.uasset" 305
"../../../Engine/Content/EditorSounds/Notifications/CompileFailed_Cue.uasset" 306
"../../../Engine/Content/EditorSounds/Notifications/CompileSuccess.uasset" 307
"../../../Engine/Content/EditorSounds/Notifications/CompileStart_Cue.uasset" 308
"../../../Engine/Content/EditorSounds/Notifications/CompileSuccess_Cue.uasset" 309
"../../../Engine/Content/EngineDamageTypes/DmgTypeBP_Environmental.uasset" 310
"../../../Engine/Content/EngineDebugMaterials/HeatmapGradient.uasset" 311
"../../../Engine/Content/EngineDebugMaterials/BoneWeightMaterial.uasset" 312
"../../../Engine/Content/EngineDebugMaterials/ClothMaterial.uasset" 313
"../../../Engine/Content/EngineDebugMaterials/ClothMaterial_WF.uasset" 314
"../../../Engine/Content/EngineDebugMaterials/DebugEditorMaterial.uasset" 315
"../../../Engine/Content/EngineDebugMaterials/DebugMeshMaterial.uasset" 316
"../../../Engine/Content/EngineDebugMaterials/GeomMaterial.uasset" 317
"../../../Engine/Content/EngineFonts/Faces/RobotoBold.uasset" 318
"../../../Engine/Content/EngineFonts/Faces/RobotoBoldItalic.uasset" 319
"../../../Engine/Content/EngineFonts/Faces/RobotoItalic.uasset" 320
"../../../Engine/Content/EngineFonts/Faces/RobotoLight.uasset" 321
"../../../Engine/Content/EngineFonts/Faces/RobotoRegular.uasset" 322
"../../../Engine/Content/EngineFonts/Roboto.uasset" 323
"../../../Engine/Content/EngineFonts/Faces/RobotoTiny.uasset" 324
"../../../Engine/Content/EngineFonts/RobotoTiny.uasset" 325
"../../../Engine/Content/EngineMaterials/DefaultBloomKernel.uasset" 326
"../../../Engine/Content/EngineMaterials/DefaultBokeh.uasset" 327
"../../../Engine/Content/EngineMaterials/DefaultDiffuse.uasset" 328
"../../../Engine/Content/EngineMaterials/DefaultDeferredDecalMaterial.uasset" 329
"../../../Engine/Content/EngineMaterials/DefaultLightFunctionMaterial.uasset" 330
"../../../Engine/Content/EngineMaterials/DefaultPhysicalMaterial.uasset" 331
"../../../Engine/Content/Functions/Engine_MaterialFunctions02/Utility/BreakOutFloat2Components.uasset" 332
"../../../Engine/Content/EngineMaterials/DefaultPostProcessMaterial.uasset" 333
"../../../Engine/Content/EngineFonts/RobotoDistanceField.uasset" 334
"../../../Engine/Content/EngineMaterials/DefaultTextMaterialOpaque.uasset" 335
"../../../Engine/Content/EngineMaterials/DefaultWhiteGrid.uasset" 336
"../../../Engine/Content/EngineMaterials/EditorBrushMaterial.uasset" 337
"../../../Engine/Content/EngineMaterials/Good64x64TilingNoiseHighFreq.uasset" 338
"../../../Engine/Content/EngineMaterials/MiniFont.uasset" 339
"../../../Engine/Content/EngineMaterials/InvalidLightmapSettings.uasset" 340
"../../../Engine/Content/EngineMaterials/M_InvalidLightmapSettings.uasset" 341
"../../../Engine/Content/Functions/Engine_MaterialFunctions02/WorldPositionOffset/CameraOffset.uasset" 342
"../../../Engine/Content/EngineMaterials/PhAT_JointLimitMaterial.uasset" 343
"../../../Engine/Content/EngineMaterials/PreintegratedSkinBRDF.uasset" 344
"../../../Engine/Content/EngineMaterials/RemoveSurfaceMaterial.uasset" 345
"../../../Engine/Content/EngineMaterials/WeightMapPlaceholderTexture.uasset" 346
"../../../Engine/Content/EngineResources/WhiteSquareTexture.uasset" 347
"../../../Engine/Content/EngineMaterials/Widget3DPassThrough.uasset" 348
"../../../Engine/Content/EngineMaterials/Widget3DPassThrough_Masked.uasset" 349
"../../../Engine/Content/EngineMaterials/Widget3DPassThrough_Opaque.uasset" 350
"../../../Engine/Content/EngineMaterials/Widget3DPassThrough_Masked_OneSided.uasset" 351
"../../../Engine/Content/EngineMaterials/Widget3DPassThrough_Opaque_OneSided.uasset" 352
"../../../Engine/Content/EngineMaterials/Widget3DPassThrough_Translucent.uasset" 353
"../../../Engine/Content/EngineMaterials/Widget3DPassThrough_Translucent_OneSided.uasset" 354
"../../../Engine/Content/EngineMeshes/Cube.uasset" 355
"../../../Engine/Content/EngineMeshes/Cylinder.uasset" 356
"../../../Engine/Content/EngineMeshes/Sphere.uasset" 357
"../../../Engine/Content/EngineResources/Black.uasset" 358
"../../../Engine/Content/EngineResources/DefaultTexture.uasset" 359
"../../../Engine/Content/EngineResources/DefaultTextureCube.uasset" 360
"../../../Engine/Content/EngineResources/GradientTexture0.uasset" 361
"../../../Engine/Content/EngineSounds/Master.uasset" 362
"../../../Engine/Content/Functions/Engine_MaterialFunctions01/Shading/ConvertFromDiffSpec.uasset" 363
"../../../Engine/Content/Functions/Engine_MaterialFunctions01/Shading/PowerToRoughness.uasset" 364
"../../../Engine/Content/Maps/Templates/Thumbnails/Default.uasset" 365
"../../../Engine/Content/Maps/Templates/Thumbnails/VR-Basic.uasset" 366
"../../../Engine/Content/MobileResources/T_MobileControls_texture.uasset" 367
"../../../Engine/Content/MobileResources/T_MobileMenu2.uasset" 368
"../../../Engine/Content/MobileResources/HUD/AnalogHat.uasset" 369
"../../../Engine/Content/MobileResources/HUD/VirtualJoystick_Background.uasset" 370
"../../../Engine/Content/MobileResources/HUD/VirtualJoystick_Thumb.uasset" 371
"../../../Engine/Content/MobileResources/HUD/DefaultVirtualJoysticks.uasset" 372
"../../../Engine/Content/MobileResources/HUD/LeftVirtualJoystickOnly.uasset" 373
"../../../Engine/Content/MobileResources/HUD/MobileHUDButton1_off.uasset" 374
"../../../Engine/Content/MobileResources/HUD/MobileHUDButton1_on.uasset" 375
"../../../Engine/Content/MobileResources/HUD/MobileHUDButton2_off.uasset" 376
"../../../Engine/Content/MobileResources/HUD/MobileHUDButton2_on.uasset" 377
"../../../Engine/Content/MobileResources/HUD/MobileHUDButton3.uasset" 378
"../../../Engine/Content/MobileResources/HUD/MobileHUDButtonFire.uasset" 379
"../../../Engine/Content/MobileResources/HUD/MobileHUDDirectionPad.uasset" 380
"../../../Engine/Content/MobileResources/HUD/MobileHUDDirectionPad2.uasset" 381
"../../../Engine/Content/MobileResources/HUD/MobileHUDDirectionPad3.uasset" 382
"../../../Engine/Content/MobileResources/HUD/MobileHUDDirectionStick.uasset" 383
"../../../Engine/Content/MobileResources/HUD/T_Castle_ThumbstickInner.uasset" 384
"../../../Engine/Content/MobileResources/HUD/T_Castle_ThumbstickOutter.uasset" 385
"../../../Engine/Content/Tutorial/ContentIntroCurve.uasset" 386
"../../../Engine/Content/Tutorial/Basics/TutorialAssets/icon_tab_Levels_40x.uasset" 387
"../../../Engine/Content/Tutorial/BlueprintTutorials/TutorialAssets/BlueprintInterface_64x.uasset" 388
"../../../Engine/Content/Tutorial/BlueprintTutorials/TutorialAssets/BlueprintMacroLibrary_64x.uasset" 389
"../../../Engine/Content/Tutorial/BlueprintTutorials/TutorialAssets/Blueprint_64x.uasset" 390
"../../../Engine/Content/Tutorial/BlueprintTutorials/TutorialAssets/Tutorial_BP_Interface.uasset" 391
"../../../Engine/Content/Tutorial/Foliage/TutorialAssets/Foliage.uasset" 392
"../../../Engine/Content/Tutorial/Landscape/TutorialAssets/Landscape.uasset" 393
"../../../Engine/Content/Tutorial/Paper2D/TutorialAssets/Paper2DFlipbook_TutorialIcon.uasset" 394
"../../../Engine/Content/Tutorial/Paper2D/TutorialAssets/Paper2DSprite_TutorialIcon.uasset" 395
"../../../Engine/Content/Tutorial/SubEditors/TutorialAssets/icon_Editor_Preferences_General_40x.uasset" 396
"../../../Engine/Content/Tutorial/SubEditors/TutorialAssets/icon_ShowSkeletalMeshes_40x.uasset" 397
"../../../Engine/Content/Tutorial/SubEditors/TutorialAssets/TutorialMaterial.uasset" 398
"../../../Engine/Content/Tutorial/SubEditors/TutorialAssets/T_SmokeSubUV_8X8.uasset" 399
"../../../Engine/Content/Tutorial/SubEditors/TutorialAssets/T_soft_smoke.uasset" 400
"../../../Engine/Content/Tutorial/SubEditors/TutorialAssets/M_smoke_subUV_blackbody.uasset" 401
"../../../Engine/Content/Tutorial/SubEditors/TutorialAssets/TutorialParticleSystem.uasset" 402
"../../../Engine/Content/VREditor/Devices/Generic/GenericHMDMaterial.uasset" 403
"../../../Engine/Content/VREditor/Devices/Generic/GenericHMD.uasset" 404
"../../../Engine/Content/VREditor/FloatingText/LineMaterial.uasset" 405
"../../../Engine/Content/VREditor/FloatingText/JointSphere.uasset" 406
"../../../Engine/Content/VREditor/FloatingText/LineSegmentCylinder.uasset" 407
"../../../Engine/Content/VREditor/Fonts/VRText_RobotoLarge.uasset" 408
"../../../Engine/Content/VREditor/Fonts/VRTextMaterial.uasset" 409
"../../../Engine/Content/VREditor/Fonts/TranslucentVRTextMaterial.uasset" 410
"../../../Engine/Content/VREditor/LaserPointer/CursorPointer.uasset" 411
"../../../Engine/Content/VREditor/LaserPointer/VR_LaserPower_01.uasset" 412
"../../../Engine/Content/VREditor/TransformGizmo/TransformGizmoMaterial.uasset" 413
"../../../Engine/Content/VREditor/LaserPointer/HoverMaterial.uasset" 414
"../../../Engine/Content/VREditor/TransformGizmo/TranslucentTransformGizmoMaterial.uasset" 415
"../../../Engine/Content/VREditor/LaserPointer/TranslucentHoverMaterial.uasset" 416
"../../../Engine/Content/VREditor/LaserPointer/HoverMesh.uasset" 417
"../../../Engine/Content/VREditor/LaserPointer/LaserPointerMaterial.uasset" 418
"../../../Engine/Content/VREditor/LaserPointer/LaserPointerMaterialInst.uasset" 419
"../../../Engine/Content/VREditor/LaserPointer/TranslucentLaserPointerMaterialInst.uasset" 420
"../../../Engine/Content/VREditor/LaserPointer/LaserPointerMesh.uasset" 421
"../../../Engine/Content/VREditor/LaserPointer/LaserPointerMesh_End.uasset" 422
"../../../Engine/Content/VREditor/LaserPointer/LaserPointerMesh_Start.uasset" 423
"../../../Engine/Content/Functions/Engine_MaterialFunctions02/Utility/BreakOutFloat3Components.uasset" 424
"../../../Engine/Content/Functions/Engine_MaterialFunctions02/Math/Transform3x3Matrix.uasset" 425
"../../../Engine/Content/Functions/Engine_MaterialFunctions02/SplitComponents.uasset" 426
"../../../Engine/Content/Functions/Engine_MaterialFunctions02/Utility/MakeFloat3.uasset" 427
"../../../Engine/Content/VREditor/SnapGrid/SnapGridMaterial.uasset" 428
"../../../Engine/Content/VREditor/SnapGrid/SnapGridPlaneMesh.uasset" 429
"../../../Engine/Content/VREditor/Sounds/VR_teleport.uasset" 430
"../../../Engine/Content/VREditor/Sounds/UI/Click_on_Button_Cue.uasset" 431
"../../../Engine/Content/VREditor/Sounds/UI/Dockable_Window_Close.uasset" 432
"../../../Engine/Content/VREditor/Sounds/UI/Dockable_Window_Drop.uasset" 433
"../../../Engine/Content/VREditor/Sounds/UI/Dockable_Window_Open.uasset" 434
"../../../Engine/Content/VREditor/Sounds/UI/Dockable_Window_Pick_Up.uasset" 435
"../../../Engine/Content/VREditor/Sounds/UI/Drop_Item_From_ContentBrowser.uasset" 436
"../../../Engine/Content/VREditor/Sounds/UI/Floating_UI_Open-001.uasset" 437
"../../../Engine/Content/VREditor/Sounds/UI/Gizmo_Handle_Clicked.uasset" 438
"../../../Engine/Content/VREditor/Sounds/UI/Object_PickUp.uasset" 439
"../../../Engine/Content/VREditor/Sounds/UI/Object_Snaps_To_Another_Actor.uasset" 440
"../../../Engine/Content/VREditor/Sounds/UI/Object_Snaps_To_Grid.uasset" 441
"../../../Engine/Content/VREditor/Sounds/UI/Radial_Menu_FadeOut.uasset" 442
"../../../Engine/Content/VREditor/Sounds/UI/Scaling_Down.uasset" 443
"../../../Engine/Content/VREditor/Sounds/UI/Scaling_Up.uasset" 444
"../../../Engine/Content/VREditor/Sounds/UI/Selection_Changes.uasset" 445
"../../../Engine/Content/VREditor/Sounds/UI/Teleport_Mode_Entered.uasset" 446
"../../../Engine/Content/VREditor/Teleport/TeleportDirectionMaterial.uasset" 447
"../../../Engine/Content/VREditor/Teleport/TeleportDirectionMaterial_Inst.uasset" 448
"../../../Engine/Content/VREditor/Teleport/TeleportDirectionMesh.uasset" 449
"../../../Engine/Content/VREditor/TransformGizmo/BoundingBoxCorner.uasset" 450
"../../../Engine/Content/VREditor/TransformGizmo/BoundingBoxEdge.uasset" 451
"../../../Engine/Content/VREditor/TransformGizmo/PlaneTranslationHandle.uasset" 452
"../../../Engine/Content/VREditor/TransformGizmo/RotationHandleFull.uasset" 453
"../../../Engine/Content/VREditor/TransformGizmo/RotationHandleIndicator.uasset" 454
"../../../Engine/Content/VREditor/TransformGizmo/RotationHandleQuarter.uasset" 455
"../../../Engine/Content/VREditor/TransformGizmo/Main.uasset" 456
"../../../Engine/Content/VREditor/TransformGizmo/Xray.uasset" 457
"../../../Engine/Content/VREditor/TransformGizmo/SM_Dialog_Close.uasset" 458
"../../../Engine/Content/VREditor/TransformGizmo/SM_Dialog_Move.uasset" 459
"../../../Engine/Content/VREditor/TransformGizmo/SM_Sequencer_Key.uasset" 460
"../../../Engine/Content/VREditor/TransformGizmo/SM_Sequencer_Node.uasset" 461
"../../../Engine/Content/VREditor/TransformGizmo/StartRotationHandleIndicator.uasset" 462
"../../../Engine/Content/VREditor/TransformGizmo/TranslucentTransformGizmoMaterial_Inst.uasset" 463
"../../../Engine/Content/VREditor/TransformGizmo/TransformGizmoFreeRotation.uasset" 464
"../../../Engine/Content/VREditor/TransformGizmo/TransformGizmoMaterial_Inst.uasset" 465
"../../../Engine/Content/VREditor/TransformGizmo/TranslateArrowHandle.uasset" 466
"../../../Engine/Content/VREditor/TransformGizmo/UniformScaleHandle.uasset" 467
"../../../Engine/Content/VREditor/UI/KeyDiskMaterial.uasset" 468
"../../../Engine/Content/VREditor/UI/DiscMaterial.uasset" 469
"../../../Engine/Content/VREditor/UI/SM_Radial_Disk.uasset" 470
"../../../Engine/Content/VREditor/WorldMovementGrid/SimpleGrid.uasset" 471
"../../../Engine/Content/VREditor/WorldMovementGrid/GridMaterial.uasset" 472
"../../../Engine/Content/Functions/Engine_MaterialFunctions01/Density/ExponentialDensity.uasset" 473
"../../../Engine/Content/VREditor/WorldMovementGrid/GridPostProcess.uasset" 474
"../../../Engine/Content/EditorLandscapeResources/FlattenHeightMat.uasset" 475
"../../../Engine/Content/VREditor/WorldMovementGrid/PlaneMesh.uasset" 476
"../../../Engine/Plugins/2D/Paper2D/Content/PlaceholderTextures/DummySpriteTexture.uasset" 477
"../../../Engine/Plugins/2D/Paper2D/Content/DummySprite.uasset" 478
"../../../Engine/Plugins/2D/Paper2D/Content/DefaultPaperTerrainMaterial.uasset" 479
"../../../Engine/Plugins/2D/Paper2D/Content/DefaultSpriteMaterial.uasset" 480
"../../../Engine/Plugins/2D/Paper2D/Content/MaskedUnlitSpriteMaterial.uasset" 481
"../../../Engine/Plugins/2D/Paper2D/Content/OpaqueUnlitSpriteMaterial.uasset" 482
"../../../Engine/Plugins/Media/MediaCompositing/Content/DefaultMediaPlaneMaterial.uasset" 483
"../../../Engine/Content/Functions/Engine_MaterialFunctions01/Texturing/ScaleUVsByCenter.uasset" 484
"../../../Engine/Content/Functions/Engine_MaterialFunctions02/Utility/MakeFloat4.uasset" 485
"../../../Engine/Plugins/Runtime/AppleARKit/Content/ARKitCameraMaterial.uasset" 486
"../../../Engine/Plugins/Runtime/Oculus/OculusVR/Content/Textures/GearVRController_AO.uasset" 487
"../../../Engine/Plugins/Runtime/Oculus/OculusVR/Content/Textures/GearVRController_Color.uasset" 488
"../../../Engine/Plugins/Runtime/Oculus/OculusVR/Content/Textures/GearVRController_Normal.uasset" 489
"../../../Engine/Plugins/Runtime/Oculus/OculusVR/Content/Materials/GearVRControllerMaterial.uasset" 490
"../../../Engine/Plugins/Runtime/Oculus/OculusVR/Content/Meshes/GearVrController.uasset" 491
"../../../Engine/Content/EngineSky/C_Sky_Cloud_Color.uasset" 492
"../../../Engine/Content/EngineSky/C_Sky_Horizon_Color.uasset" 493
"../../../Engine/Content/EngineSky/C_Sky_Zenith_Color.uasset" 494
"../../../Engine/Content/EngineSky/T_Sky_Blue.uasset" 495
"../../../Engine/Content/EngineSky/T_Sky_Clouds_M.uasset" 496
"../../../Engine/Content/EngineSky/T_Sky_Stars.uasset" 497
"../../../Engine/Content/EngineSky/M_Sky_Panning_Clouds2.uasset" 498
"../../../Engine/Content/EngineSky/SM_SkySphere.uasset" 499
"../../../Engine/Content/EngineSky/BP_Sky_Sphere.uasset" 500
"../../../LDJam40/Content/Powerups/PU_Health.uasset" 501
"../../../LDJam40/Content/StarterContent/Textures/T_Fire_SubUV.uasset" 502
"../../../LDJam40/Content/StarterContent/Textures/T_Fire_Tiled_D.uasset" 503
"../../../LDJam40/Content/StarterContent/Particles/Materials/M_Fire_SubUV.uasset" 504
"../../../LDJam40/Content/StarterContent/Textures/T_Water_N.uasset" 505
"../../../LDJam40/Content/StarterContent/Particles/Materials/M_Heat_Distortion.uasset" 506
"../../../LDJam40/Content/StarterContent/Particles/Materials/M_Radial_Gradient.uasset" 507
"../../../LDJam40/Content/StarterContent/Particles/P_Fire.uasset" 508
"../../../LDJam40/Content/Temple/Torch1.uasset" 509
"../../../LDJam40/Content/Temple/Torch.uasset" 510
"../../../LDJam40/Content/Temple/BP_Torch.uasset" 511
"../../../LDJam40/Content/ShooterMaps/WORK/LD_Map_1_BuiltData.uasset" 512
"../../../LDJam40/Content/Environment/PlzWork/Material_527.uasset" 513
"../../../LDJam40/Content/Temple/Dirt.uasset" 514
"../../../Engine/Content/Functions/Engine_MaterialFunctions02/Texturing/CustomRotator.uasset" 515
"../../../LDJam40/Content/Temple/Hex_Brick.uasset" 516
"../../../LDJam40/Content/Temple/Hex_Brick_Mat.uasset" 517
"../../../LDJam40/Content/Temple/Stone_Brick.uasset" 518
"../../../LDJam40/Content/Temple/Stone_Brick_Mat.uasset" 519
"../../../LDJam40/Content/Environment/PlzWork/Material.uasset" 520
"../../../LDJam40/Content/Environment/PlzWork/Bush1.uasset" 521
"../../../LDJam40/Content/Environment/PlzWork/Material_164.uasset" 522
"../../../LDJam40/Content/Environment/PlzWork/Material_285.uasset" 523
"../../../LDJam40/Content/Environment/PlzWork/Material_406.uasset" 524
"../../../LDJam40/Content/Environment/PlzWork/Material_648.uasset" 525
"../../../LDJam40/Content/Environment/PlzWork/Material_769.uasset" 526
"../../../LDJam40/Content/Environment/PlzWork/WEED_003.uasset" 527
"../../../LDJam40/Content/Environment/PlzWork/WEED_009.uasset" 528
"../../../LDJam40/Content/Environment/PlzWork/WEED_015.uasset" 529
"../../../LDJam40/Content/Environment/PlzWork/WEED_021.uasset" 530
"../../../LDJam40/Content/Environment/PlzWork/WEED_033.uasset" 531
"../../../LDJam40/Content/Environment/PlzWork/WEED_039.uasset" 532
"../../../LDJam40/Content/Environment/PlzWork/WEED_051.uasset" 533
"../../../LDJam40/Content/Environment/PlzWork/WEED_057.uasset" 534
"../../../LDJam40/Content/Environment/PlzWork/WEED_069.uasset" 535
"../../../LDJam40/Content/Environment/PlzWork/WEED_075.uasset" 536
"../../../LDJam40/Content/Environment/PlzWork/WEED_081.uasset" 537
"../../../LDJam40/Content/Environment/PlzWork/WEED_087.uasset" 538
"../../../LDJam40/Content/Environment/PlzWork/WEED_093.uasset" 539
"../../../LDJam40/Content/Environment/PlzWork/WEED_099.uasset" 540
"../../../LDJam40/Content/Environment/PlzWork/WEED_105.uasset" 541
"../../../LDJam40/Content/Environment/PlzWork/WEED_117.uasset" 542
"../../../LDJam40/Content/Environment/PlzWork/WEED_135.uasset" 543
"../../../LDJam40/Content/Environment/PlzWork/WEED_141.uasset" 544
"../../../LDJam40/Content/Environment/PlzWork/WEED_147.uasset" 545
"../../../LDJam40/Content/Environment/PlzWork/WEED_159.uasset" 546
"../../../LDJam40/Content/Environment/PlzWork/WEED_165.uasset" 547
"../../../LDJam40/Content/Environment/PlzWork/WEED_171.uasset" 548
"../../../LDJam40/Content/Environment/PlzWork/WEED_177.uasset" 549
"../../../LDJam40/Content/Environment/PlzWork/WEED_183.uasset" 550
"../../../LDJam40/Content/Environment/PlzWork/WEED_189.uasset" 551
"../../../LDJam40/Content/Environment/PlzWork/WEED_195.uasset" 552
"../../../LDJam40/Content/Environment/PlzWork/WEED_201.uasset" 553
"../../../LDJam40/Content/Environment/PlzWork/WEED_207.uasset" 554
"../../../LDJam40/Content/Environment/PlzWork/WEED_213.uasset" 555
"../../../LDJam40/Content/Environment/PlzWork/WEED_219.uasset" 556
"../../../LDJam40/Content/Environment/PlzWork/WEED_225.uasset" 557
"../../../LDJam40/Content/Environment/PlzWork/WEED_231.uasset" 558
"../../../LDJam40/Content/Environment/PlzWork/WEED_237.uasset" 559
"../../../LDJam40/Content/Environment/PlzWork/WEED_243.uasset" 560
"../../../LDJam40/Content/Environment/PlzWork/WEED_249.uasset" 561
"../../../LDJam40/Content/Environment/PlzWork/WEED_255.uasset" 562
"../../../LDJam40/Content/Environment/PlzWork/WEED_261.uasset" 563
"../../../LDJam40/Content/Environment/PlzWork/WEED_267.uasset" 564
"../../../LDJam40/Content/Environment/PlzWork/WEED_273.uasset" 565
"../../../LDJam40/Content/Environment/PlzWork/WEED_279.uasset" 566
"../../../LDJam40/Content/Environment/PlzWork/WEED_285.uasset" 567
"../../../LDJam40/Content/Environment/PlzWork/WEED_291.uasset" 568
"../../../LDJam40/Content/Environment/PlzWork/WEED_297.uasset" 569
"../../../LDJam40/Content/Environment/PlzWork/WEED_303.uasset" 570
"../../../LDJam40/Content/Environment/PlzWork/WEED_309.uasset" 571
"../../../LDJam40/Content/Environment/PlzWork/WEED_315.uasset" 572
"../../../LDJam40/Content/Environment/PlzWork/WEED_321.uasset" 573
"../../../LDJam40/Content/Environment/PlzWork/WEED_327.uasset" 574
"../../../LDJam40/Content/Environment/PlzWork/WEED_333.uasset" 575
"../../../LDJam40/Content/Environment/PlzWork/WEED_339.uasset" 576
"../../../LDJam40/Content/Environment/PlzWork/WEED_345.uasset" 577
"../../../LDJam40/Content/Environment/PlzWork/WEED_351.uasset" 578
"../../../LDJam40/Content/Environment/PlzWork/WEED_357.uasset" 579
"../../../LDJam40/Content/Environment/PlzWork/WEED_363.uasset" 580
"../../../LDJam40/Content/Environment/PlzWork/WEED_369.uasset" 581
"../../../LDJam40/Content/Environment/PlzWork/WEED_375.uasset" 582
"../../../LDJam40/Content/Environment/PlzWork/WEED_381.uasset" 583
"../../../LDJam40/Content/Environment/PlzWork/WEED_387.uasset" 584
"../../../LDJam40/Content/Environment/PlzWork/WEED_393.uasset" 585
"../../../LDJam40/Content/Environment/PlzWork/WEED_399.uasset" 586
"../../../LDJam40/Content/Environment/PlzWork/WEED_405.uasset" 587
"../../../LDJam40/Content/Environment/PlzWork/WEED_411.uasset" 588
"../../../LDJam40/Content/Environment/PlzWork/WEED_417.uasset" 589
"../../../LDJam40/Content/Environment/PlzWork/WEED_423.uasset" 590
"../../../LDJam40/Content/Environment/PlzWork/WEED_429.uasset" 591
"../../../LDJam40/Content/Environment/PlzWork/WEED_435.uasset" 592
"../../../LDJam40/Content/Environment/PlzWork/WEED_441.uasset" 593
"../../../LDJam40/Content/Environment/PlzWork/WEED_447.uasset" 594
"../../../LDJam40/Content/Environment/PlzWork/WEED_453.uasset" 595
"../../../LDJam40/Content/Environment/PlzWork/WEED_459.uasset" 596
"../../../LDJam40/Content/Environment/PlzWork/WEED_465.uasset" 597
"../../../LDJam40/Content/Environment/PlzWork/WEED_471.uasset" 598
"../../../LDJam40/Content/Environment/PlzWork/WEED_477.uasset" 599
"../../../LDJam40/Content/Environment/PlzWork/WEED_483.uasset" 600
"../../../LDJam40/Content/Environment/PlzWork/WEED_489.uasset" 601
"../../../LDJam40/Content/Environment/PlzWork/WEED_495.uasset" 602
"../../../LDJam40/Content/Environment/PlzWork/WEED_501.uasset" 603
"../../../LDJam40/Content/Environment/PlzWork/WEED_507.uasset" 604
"../../../LDJam40/Content/Environment/PlzWork/WEED_513.uasset" 605
"../../../LDJam40/Content/Environment/PlzWork/WEED_519.uasset" 606
"../../../LDJam40/Content/Environment/PlzWork/WEED_525.uasset" 607
"../../../LDJam40/Content/Environment/PlzWork/WEED_531.uasset" 608
"../../../LDJam40/Content/Environment/PlzWork/WEED_537.uasset" 609
"../../../LDJam40/Content/Environment/PlzWork/WEED_543.uasset" 610
"../../../LDJam40/Content/Environment/PlzWork/WEED_549.uasset" 611
"../../../LDJam40/Content/Environment/PlzWork/WEED_555.uasset" 612
"../../../LDJam40/Content/Environment/PlzWork/WEED_561.uasset" 613
"../../../LDJam40/Content/Environment/PlzWork/WEED_567.uasset" 614
"../../../LDJam40/Content/Environment/PlzWork/WEED_573.uasset" 615
"../../../LDJam40/Content/Environment/PlzWork/WEED_579.uasset" 616
"../../../LDJam40/Content/Environment/PlzWork/WEED_585.uasset" 617
"../../../LDJam40/Content/Environment/PlzWork/WEED_591.uasset" 618
"../../../LDJam40/Content/Environment/PlzWork/WEED_597.uasset" 619
"../../../LDJam40/Content/Environment/PlzWork/WEED_603.uasset" 620
"../../../LDJam40/Content/Environment/PlzWork/WEED_609.uasset" 621
"../../../LDJam40/Content/Environment/PlzWork/WEED_615.uasset" 622
"../../../LDJam40/Content/Environment/PlzWork/WEED_621.uasset" 623
"../../../LDJam40/Content/Environment/PlzWork/WEED_627.uasset" 624
"../../../LDJam40/Content/Environment/PlzWork/WEED_633.uasset" 625
"../../../LDJam40/Content/Environment/PlzWork/WEED_639.uasset" 626
"../../../LDJam40/Content/Environment/PlzWork/WEED_645.uasset" 627
"../../../LDJam40/Content/Environment/PlzWork/WEED_651.uasset" 628
"../../../LDJam40/Content/Environment/PlzWork/WEED_657.uasset" 629
"../../../LDJam40/Content/Environment/PlzWork/WEED_663.uasset" 630
"../../../LDJam40/Content/Environment/PlzWork/WEED_669.uasset" 631
"../../../LDJam40/Content/Environment/PlzWork/WEED_675.uasset" 632
"../../../LDJam40/Content/Environment/PlzWork/WEED_681.uasset" 633
"../../../LDJam40/Content/Environment/PlzWork/WEED_687.uasset" 634
"../../../LDJam40/Content/Environment/PlzWork/WEED_693.uasset" 635
"../../../LDJam40/Content/Environment/PlzWork/WEED_699.uasset" 636
"../../../LDJam40/Content/Environment/PlzWork/WEED_705.uasset" 637
"../../../LDJam40/Content/Environment/PlzWork/WEED_711.uasset" 638
"../../../LDJam40/Content/Environment/PlzWork/WEED_717.uasset" 639
"../../../LDJam40/Content/Environment/PlzWork/WEED_723.uasset" 640
"../../../LDJam40/Content/Environment/PlzWork/WEED_729.uasset" 641
"../../../LDJam40/Content/Environment/PlzWork/WEED_735.uasset" 642
"../../../LDJam40/Content/Environment/PlzWork/WEED_741.uasset" 643
"../../../LDJam40/Content/Environment/PlzWork/WEED_747.uasset" 644
"../../../LDJam40/Content/Environment/PlzWork/WEED_753.uasset" 645
"../../../LDJam40/Content/Environment/PlzWork/WEED_759.uasset" 646
"../../../LDJam40/Content/Environment/PlzWork/WEED_765.uasset" 647
"../../../LDJam40/Content/Environment/PlzWork/WEED_771.uasset" 648
"../../../LDJam40/Content/Environment/PlzWork/WEED_777.uasset" 649
"../../../LDJam40/Content/Environment/PlzWork/WEED_783.uasset" 650
"../../../LDJam40/Content/Environment/PlzWork/WEED_789.uasset" 651
"../../../LDJam40/Content/Environment/PlzWork/WEED_795.uasset" 652
"../../../LDJam40/Content/Environment/PlzWork/WEED_801.uasset" 653
"../../../LDJam40/Content/Environment/PlzWork/WEED_807.uasset" 654
"../../../LDJam40/Content/Environment/PlzWork/WEED_813.uasset" 655
"../../../LDJam40/Content/Environment/PlzWork/WEED_819.uasset" 656
"../../../LDJam40/Content/Environment/PlzWork/WEED_825.uasset" 657
"../../../LDJam40/Content/Environment/PlzWork/WEED_831.uasset" 658
"../../../LDJam40/Content/Environment/PlzWork/WEED_837.uasset" 659
"../../../LDJam40/Content/Environment/PlzWork/WEED_843.uasset" 660
"../../../LDJam40/Content/Environment/PlzWork/WEED_849.uasset" 661
"../../../LDJam40/Content/Environment/PlzWork/WEED_855.uasset" 662
"../../../LDJam40/Content/Environment/PlzWork/WEED_861.uasset" 663
"../../../LDJam40/Content/Environment/PlzWork/WEED_867.uasset" 664
"../../../LDJam40/Content/Environment/PlzWork/WEED_873.uasset" 665
"../../../LDJam40/Content/Environment/PlzWork/WEED_879.uasset" 666
"../../../LDJam40/Content/Environment/PlzWork/DoodlyBois.uasset" 667
"../../../LDJam40/Content/Environment/PlzWork/Grass.uasset" 668
"../../../LDJam40/Content/Environment/PlzWork/JungleTree3blend__1_.uasset" 669
"../../../LDJam40/Content/Environment/PlzWork/JungleTree__1_.uasset" 670
"../../../LDJam40/Content/ShooterMaps/LD_Map_1.umap" 671
"../../../LDJam40/Content/ShooterMaps/LD_Map_3_BuiltData.uasset" 672
"../../../LDJam40/Content/ShooterMaps/LD_Map_3.umap" 673
"../../../LDJam40/Content/ShooterMaps/TestMap_BuiltData.uasset" 674
"../../../Engine/Content/BasicShapes/BasicShapeMaterial.uasset" 675
"../../../Engine/Content/BasicShapes/Cube.uasset" 676
"../../../LDJam40/Content/ShooterMaps/TestMap.umap" 677
"../../../LDJam40/Content/ShooterMaps/ForCoolPeople/LDMap_BuiltData.uasset" 678
"../../../LDJam40/Content/ShooterMaps/ForCoolPeople/LDMap.umap" 679
"../../../LDJam40/Content/StarterContent/Blueprints/Assets/FogBrightnessLUT.uasset" 680
"../../../LDJam40/Content/StarterContent/Blueprints/Assets/SunlightColorLUT.uasset" 681
"../../../LDJam40/Content/StarterContent/Blueprints/Assets/M_LightStage_Arrows.uasset" 682
"../../../Engine/Content/MapTemplates/Sky/DaylightAmbientCubemap.uasset" 683
"../../../LDJam40/Content/StarterContent/Blueprints/Assets/M_LightStage_Skybox_Master.uasset" 684
"../../../LDJam40/Content/StarterContent/Blueprints/Assets/M_LightStage_Skybox_Black.uasset" 685
"../../../LDJam40/Content/StarterContent/Blueprints/Assets/M_LightStage_Skybox_HDRI.uasset" 686
"../../../Engine/Content/EditorMaterials/Thumbnails/SkySphereMaterial.uasset" 687
"../../../LDJam40/Content/StarterContent/Blueprints/Assets/Skybox.uasset" 688
"../../../LDJam40/Content/StarterContent/Blueprints/Assets/SM_Arrows.uasset" 689
"../../../LDJam40/Content/StarterContent/HDRI/HDRI_Epic_Courtyard_Daylight.uasset" 690
"../../../LDJam40/Content/StarterContent/Blueprints/BP_LightStudio.uasset" 691
"../../../LDJam40/Content/StarterContent/Maps/Advanced_Lighting_BuiltData.uasset" 692
"../../../LDJam40/Content/StarterContent/Materials/M_AssetPlatform.uasset" 693
"../../../Engine/Content/EditorMeshes/ColorCalibrator/M_ChromeBall.uasset" 694
"../../../Engine/Content/EditorMeshes/ColorCalibrator/M_ClearCoat.uasset" 695
"../../../Engine/Content/EditorMeshes/ColorCalibrator/M_ClearCoatBlack.uasset" 696
"../../../Engine/Content/EditorMeshes/ColorCalibrator/Color_checker.uasset" 697
"../../../Engine/Content/EditorMeshes/ColorCalibrator/M_ColorGrid.uasset" 698
"../../../Engine/Content/EditorMeshes/ColorCalibrator/M_GreyBall.uasset" 699
"../../../Engine/Content/EditorMeshes/ColorCalibrator/SM_ColorCalibrator.uasset" 700
"../../../LDJam40/Content/StarterContent/Architecture/SM_AssetPlatform.uasset" 701
"../../../LDJam40/Content/StarterContent/Maps/Advanced_Lighting.umap" 702
"../../../LDJam40/Content/DamageEquation.uasset" 703
"../../../LDJam40/Content/StarterContent/Maps/Minimal_Default_BuiltData.uasset" 704
"../../../LDJam40/Content/StarterContent/Textures/T_MacroVariation.uasset" 705
"../../../LDJam40/Content/StarterContent/Materials/M_Metal_Brushed_Nickel.uasset" 706
"../../../LDJam40/Content/StarterContent/Textures/T_Metal_Aluminum_D.uasset" 707
"../../../LDJam40/Content/StarterContent/Textures/T_Metal_Gold_N.uasset" 708
"../../../LDJam40/Content/StarterContent/Materials/M_Metal_Burnished_Steel.uasset" 709
"../../../LDJam40/Content/StarterContent/Textures/T_Metal_Copper_D.uasset" 710
"../../../LDJam40/Content/StarterContent/Materials/M_Metal_Copper.uasset" 711
"../../../LDJam40/Content/StarterContent/Textures/T_Statue_M.uasset" 712
"../../../LDJam40/Content/StarterContent/Textures/T_Statue_N.uasset" 713
"../../../LDJam40/Content/StarterContent/Props/Materials/M_StatueGlass.uasset" 714
"../../../LDJam40/Content/StarterContent/Architecture/Floor_400x400.uasset" 715
"../../../LDJam40/Content/StarterContent/Audio/Starter_Background_Cue.uasset" 716
"../../../LDJam40/Content/StarterContent/Props/SM_Chair.uasset" 717
"../../../LDJam40/Content/StarterContent/Props/Materials/M_Statue.uasset" 718
"../../../LDJam40/Content/StarterContent/Props/SM_Statue.uasset" 719
"../../../LDJam40/Content/StarterContent/Textures/T_TableRound_M.uasset" 720
"../../../LDJam40/Content/StarterContent/Textures/T_TableRound_N.uasset" 721
"../../../LDJam40/Content/StarterContent/Props/Materials/M_TableRound.uasset" 722
"../../../LDJam40/Content/StarterContent/Props/SM_TableRound.uasset" 723
"../../../LDJam40/Content/StarterContent/Maps/Minimal_Default.umap" 724
"../../../LDJam40/Content/StarterContent/Audio/Fire01_Cue.uasset" 725
"../../../LDJam40/Content/StarterContent/Blueprints/Blueprint_Effect_Fire.uasset" 726
"../../../LDJam40/Content/StarterContent/Audio/Smoke01_Cue.uasset" 727
"../../../LDJam40/Content/StarterContent/Particles/P_Smoke.uasset" 728
"../../../LDJam40/Content/StarterContent/Blueprints/Blueprint_Effect_Smoke.uasset" 729
"../../../LDJam40/Content/StarterContent/Audio/Fire_Sparks01_Cue.uasset" 730
"../../../LDJam40/Content/StarterContent/Textures/T_Spark_Core.uasset" 731
"../../../LDJam40/Content/StarterContent/Particles/Materials/M_Spark.uasset" 732
"../../../LDJam40/Content/StarterContent/Particles/P_Sparks.uasset" 733
"../../../LDJam40/Content/StarterContent/Blueprints/Blueprint_Effect_Sparks.uasset" 734
"../../../LDJam40/Content/StarterContent/Audio/Steam01_Cue.uasset" 735
"../../../LDJam40/Content/StarterContent/Particles/P_Steam_Lit.uasset" 736
"../../../LDJam40/Content/StarterContent/Blueprints/Blueprint_Effect_Steam.uasset" 737
"../../../LDJam40/Content/StarterContent/Textures/T_Lamp_M.uasset" 738
"../../../LDJam40/Content/StarterContent/Textures/T_Lamp_N.uasset" 739
"../../../LDJam40/Content/StarterContent/Props/Materials/M_Lamp.uasset" 740
"../../../LDJam40/Content/StarterContent/Props/SM_Lamp_Ceiling.uasset" 741
"../../../LDJam40/Content/StarterContent/Blueprints/Blueprint_CeilingLight.uasset" 742
"../../../LDJam40/Content/StarterContent/Props/SM_Lamp_Wall.uasset" 743
"../../../LDJam40/Content/StarterContent/Blueprints/Blueprint_WallSconce.uasset" 744
"../../../LDJam40/Content/StarterContent/Maps/StarterMap_BuiltData.uasset" 745
"../../../Engine/Content/Functions/Engine_MaterialFunctions03/Procedurals/ComputeFilterWidth.uasset" 746
"../../../Engine/Content/EngineMaterials/AntiAliasedTextMaterialTranslucent.uasset" 747
"../../../LDJam40/Content/StarterContent/Textures/T_Brick_Clay_Beveled_D.uasset" 748
"../../../LDJam40/Content/StarterContent/Textures/T_Brick_Clay_Beveled_M.uasset" 749
"../../../LDJam40/Content/StarterContent/Textures/T_Brick_Clay_Beveled_N.uasset" 750
"../../../LDJam40/Content/StarterContent/Materials/M_Brick_Clay_Beveled.uasset" 751
"../../../LDJam40/Content/StarterContent/Textures/T_Brick_Clay_New_D.uasset" 752
"../../../LDJam40/Content/StarterContent/Textures/T_Brick_Clay_New_M.uasset" 753
"../../../LDJam40/Content/StarterContent/Textures/T_Brick_Clay_New_N.uasset" 754
"../../../LDJam40/Content/StarterContent/Materials/M_Brick_Clay_New.uasset" 755
"../../../LDJam40/Content/StarterContent/Textures/T_Brick_Clay_Old_D.uasset" 756
"../../../LDJam40/Content/StarterContent/Textures/T_Brick_Clay_Old_N.uasset" 757
"../../../LDJam40/Content/StarterContent/Textures/T_Perlin_Noise_M.uasset" 758
"../../../LDJam40/Content/StarterContent/Materials/M_Brick_Clay_Old.uasset" 759
"../../../LDJam40/Content/StarterContent/Textures/T_Brick_Cut_Stone_D.uasset" 760
"../../../LDJam40/Content/StarterContent/Textures/T_Brick_Cut_Stone_N.uasset" 761
"../../../LDJam40/Content/StarterContent/Materials/M_Brick_Cut_Stone.uasset" 762
"../../../LDJam40/Content/StarterContent/Textures/T_Brick_Hewn_Stone_D.uasset" 763
"../../../LDJam40/Content/StarterContent/Textures/T_Brick_Hewn_Stone_M.uasset" 764
"../../../LDJam40/Content/StarterContent/Textures/T_Brick_Hewn_Stone_N.uasset" 765
"../../../LDJam40/Content/StarterContent/Materials/M_Brick_Hewn_Stone.uasset" 766
"../../../LDJam40/Content/StarterContent/Textures/T_Ceramic_Tile_M.uasset" 767
"../../../LDJam40/Content/StarterContent/Textures/T_Ceramic_Tile_N.uasset" 768
"../../../LDJam40/Content/StarterContent/Textures/T_Rock_Marble_Polished_D.uasset" 769
"../../../LDJam40/Content/StarterContent/Materials/M_Ceramic_Tile_Checker.uasset" 770
"../../../LDJam40/Content/StarterContent/Textures/T_CobbleStone_Pebble_D.uasset" 771
"../../../LDJam40/Content/StarterContent/Textures/T_CobbleStone_Pebble_M.uasset" 772
"../../../LDJam40/Content/StarterContent/Textures/T_CobbleStone_Pebble_N.uasset" 773
"../../../LDJam40/Content/StarterContent/Materials/M_CobbleStone_Pebble.uasset" 774
"../../../LDJam40/Content/StarterContent/Textures/T_CobbleStone_Rough_D.uasset" 775
"../../../LDJam40/Content/StarterContent/Textures/T_CobbleStone_Rough_N.uasset" 776
"../../../LDJam40/Content/StarterContent/Textures/T_Gradinet_01.uasset" 777
"../../../LDJam40/Content/StarterContent/Textures/T_Rock_Smooth_Granite_D.uasset" 778
"../../../LDJam40/Content/StarterContent/Materials/M_CobbleStone_Rough.uasset" 779
"../../../LDJam40/Content/StarterContent/Textures/T_CobbleStone_Smooth_D.uasset" 780
"../../../LDJam40/Content/StarterContent/Textures/T_CobbleStone_Smooth_M.uasset" 781
"../../../LDJam40/Content/StarterContent/Textures/T_CobbleStone_Smooth_N.uasset" 782
"../../../LDJam40/Content/StarterContent/Materials/M_CobbleStone_Smooth.uasset" 783
"../../../LDJam40/Content/StarterContent/Textures/T_Concrete_Grime_D.uasset" 784
"../../../LDJam40/Content/StarterContent/Textures/T_Metal_Rust_N.uasset" 785
"../../../LDJam40/Content/StarterContent/Materials/M_Concrete_Grime.uasset" 786
"../../../LDJam40/Content/StarterContent/Textures/T_Concrete_Panels_D.uasset" 787
"../../../LDJam40/Content/StarterContent/Textures/T_Concrete_Panels_N.uasset" 788
"../../../LDJam40/Content/StarterContent/Materials/M_Concrete_Panels.uasset" 789
"../../../LDJam40/Content/StarterContent/Textures/T_Concrete_Poured_D.uasset" 790
"../../../LDJam40/Content/StarterContent/Textures/T_Concrete_Poured_N.uasset" 791
"../../../LDJam40/Content/StarterContent/Materials/M_Concrete_Poured.uasset" 792
"../../../LDJam40/Content/StarterContent/Textures/T_Concrete_Tiles_D.uasset" 793
"../../../LDJam40/Content/StarterContent/Textures/T_Concrete_Tiles_M.uasset" 794
"../../../LDJam40/Content/StarterContent/Textures/T_Concrete_Tiles_N.uasset" 795
"../../../LDJam40/Content/StarterContent/Textures/T_Concrete_Tiles_Variation_M.uasset" 796
"../../../LDJam40/Content/StarterContent/Materials/M_Concrete_Tiles.uasset" 797
"../../../LDJam40/Content/StarterContent/Textures/T_Ground_Grass_D.uasset" 798
"../../../LDJam40/Content/StarterContent/Textures/T_Ground_Grass_N.uasset" 799
"../../../LDJam40/Content/StarterContent/Materials/M_Ground_Grass.uasset" 800
"../../../LDJam40/Content/StarterContent/Textures/T_Ground_Gravel_D.uasset" 801
"../../../LDJam40/Content/StarterContent/Textures/T_Ground_Gravel_N.uasset" 802
"../../../LDJam40/Content/StarterContent/Materials/M_Ground_Gravel.uasset" 803
"../../../LDJam40/Content/StarterContent/Textures/T_ground_Moss_D.uasset" 804
"../../../LDJam40/Content/StarterContent/Textures/T_Ground_Moss_N.uasset" 805
"../../../LDJam40/Content/StarterContent/Materials/M_Ground_Moss.uasset" 806
"../../../LDJam40/Content/StarterContent/Materials/M_Metal_Chrome.uasset" 807
"../../../LDJam40/Content/StarterContent/Textures/T_Metal_Gold_D.uasset" 808
"../../../LDJam40/Content/StarterContent/Materials/M_Metal_Gold.uasset" 809
"../../../LDJam40/Content/StarterContent/Textures/T_Metal_Rust_D.uasset" 810
"../../../LDJam40/Content/StarterContent/Materials/M_Metal_Rust.uasset" 811
"../../../LDJam40/Content/StarterContent/Textures/T_Metal_Steel_D.uasset" 812
"../../../LDJam40/Content/StarterContent/Textures/T_Metal_Steel_N.uasset" 813
"../../../LDJam40/Content/StarterContent/Materials/M_Metal_Steel.uasset" 814
"../../../LDJam40/Content/StarterContent/Textures/T_Rock_Basalt_N.uasset" 815
"../../../LDJam40/Content/StarterContent/Materials/M_Rock_Basalt.uasset" 816
"../../../LDJam40/Content/StarterContent/Materials/M_Rock_Marble_Polished.uasset" 817
"../../../LDJam40/Content/StarterContent/Textures/T_Rock_Sandstone_D.uasset" 818
"../../../LDJam40/Content/StarterContent/Textures/T_Rock_Sandstone_N.uasset" 819
"../../../LDJam40/Content/StarterContent/Materials/M_Rock_Sandstone.uasset" 820
"../../../LDJam40/Content/StarterContent/Textures/T_Rock_Slate_D.uasset" 821
"../../../LDJam40/Content/StarterContent/Textures/T_Rock_Slate_N.uasset" 822
"../../../LDJam40/Content/StarterContent/Materials/M_Rock_Slate.uasset" 823
"../../../LDJam40/Content/StarterContent/Textures/T_Checker_Noise_M.uasset" 824
"../../../LDJam40/Content/StarterContent/Textures/T_Single_Tile_N.uasset" 825
"../../../LDJam40/Content/StarterContent/Textures/T_Tech_Dot_M.uasset" 826
"../../../LDJam40/Content/StarterContent/Textures/T_Tech_Dot_N.uasset" 827
"../../../LDJam40/Content/StarterContent/Materials/M_Tech_Checker_Dot.uasset" 828
"../../../LDJam40/Content/StarterContent/Textures/T_Tech_Hex_Tile_M.uasset" 829
"../../../LDJam40/Content/StarterContent/Textures/T_Tech_Hex_Tile_N.uasset" 830
"../../../LDJam40/Content/StarterContent/Materials/M_Tech_Hex_Tile.uasset" 831
"../../../LDJam40/Content/StarterContent/Materials/M_Tech_Hex_Tile_Pulse.uasset" 832
"../../../LDJam40/Content/StarterContent/Textures/T_Tech_Panel_M.uasset" 833
"../../../LDJam40/Content/StarterContent/Textures/T_Tech_Panel_N.uasset" 834
"../../../LDJam40/Content/StarterContent/Materials/M_Tech_Panel.uasset" 835
"../../../LDJam40/Content/StarterContent/Materials/M_Water_Lake.uasset" 836
"../../../LDJam40/Content/StarterContent/Textures/T_Water_M.uasset" 837
"../../../LDJam40/Content/StarterContent/Materials/M_Water_Ocean.uasset" 838
"../../../LDJam40/Content/StarterContent/Textures/T_Wood_Floor_Walnut_D.uasset" 839
"../../../LDJam40/Content/StarterContent/Textures/T_Wood_Floor_Walnut_M.uasset" 840
"../../../LDJam40/Content/StarterContent/Textures/T_Wood_Floor_Walnut_N.uasset" 841
"../../../LDJam40/Content/StarterContent/Materials/M_Wood_Floor_Walnut_Polished.uasset" 842
"../../../Engine/Content/Functions/Engine_MaterialFunctions01/Opacity/AlphaOffset.uasset" 843
"../../../LDJam40/Content/StarterContent/Materials/M_Wood_Floor_Walnut_Worn.uasset" 844
"../../../LDJam40/Content/StarterContent/Textures/T_Wood_Oak_D.uasset" 845
"../../../LDJam40/Content/StarterContent/Textures/T_Wood_Oak_N.uasset" 846
"../../../LDJam40/Content/StarterContent/Materials/M_Wood_Oak.uasset" 847
"../../../LDJam40/Content/StarterContent/Textures/T_Wood_Pine_D.uasset" 848
"../../../LDJam40/Content/StarterContent/Textures/T_Wood_Pine_N.uasset" 849
"../../../LDJam40/Content/StarterContent/Materials/M_Wood_Pine.uasset" 850
"../../../LDJam40/Content/StarterContent/Textures/T_Wood_Walnut_D.uasset" 851
"../../../LDJam40/Content/StarterContent/Textures/T_Wood_Walnut_N.uasset" 852
"../../../LDJam40/Content/StarterContent/Materials/M_Wood_Walnut.uasset" 853
"../../../LDJam40/Content/StarterContent/Architecture/Wall_400x200.uasset" 854
"../../../LDJam40/Content/StarterContent/Architecture/Wall_Door_400x300.uasset" 855
"../../../LDJam40/Content/StarterContent/Architecture/Wall_Window_400x300.uasset" 856
"../../../LDJam40/Content/StarterContent/Audio/Collapse_Cue.uasset" 857
"../../../LDJam40/Content/StarterContent/Audio/Starter_Music_Cue.uasset" 858
"../../../LDJam40/Content/StarterContent/Textures/T_Dust_Particle_D.uasset" 859
"../../../LDJam40/Content/StarterContent/Particles/Materials/M_Dust_Particle.uasset" 860
"../../../LDJam40/Content/StarterContent/Particles/P_Ambient_Dust.uasset" 861
"../../../LDJam40/Content/StarterContent/Props/MaterialSphere.uasset" 862
"../../../LDJam40/Content/StarterContent/Textures/T_Frame_M.uasset" 863
"../../../LDJam40/Content/StarterContent/Textures/T_Frame_N.uasset" 864
"../../../LDJam40/Content/StarterContent/Props/Materials/M_Frame.uasset" 865
"../../../LDJam40/Content/StarterContent/Props/SM_CornerFrame.uasset" 866
"../../../LDJam40/Content/StarterContent/Props/SM_DoorFrame.uasset" 867
"../../../LDJam40/Content/StarterContent/Props/SM_GlassWindow.uasset" 868
"../../../LDJam40/Content/StarterContent/Props/SM_PillarFrame.uasset" 869
"../../../LDJam40/Content/StarterContent/Props/SM_PillarFrame300.uasset" 870
"../../../LDJam40/Content/StarterContent/Props/SM_WindowFrame.uasset" 871
"../../../LDJam40/Content/StarterContent/Shapes/Shape_Cube.uasset" 872
"../../../LDJam40/Content/StarterContent/Shapes/Shape_QuadPyramid.uasset" 873
"../../../LDJam40/Content/StarterContent/Shapes/Shape_Sphere.uasset" 874
"../../../LDJam40/Content/StarterContent/Maps/StarterMap.umap" 875
"../../../Engine/Content/Maps/Entry.umap" 876
